[0.577s] DEBUG:colcon:Command line arguments: ['/usr/bin/colcon', 'build']
[0.578s] DEBUG:colcon:Parsed command line arguments: Namespace(log_base=None, log_level=None, verb_name='build', build_base='build', install_base='install', merge_install=False, symlink_install=False, test_result_base=None, continue_on_error=False, executor='parallel', parallel_workers=6, event_handlers=None, ignore_user_meta=False, metas=['./colcon.meta'], base_paths=['.'], packages_ignore=None, packages_ignore_regex=None, paths=None, packages_up_to=None, packages_up_to_regex=None, packages_above=None, packages_above_and_dependencies=None, packages_above_depth=None, packages_select_by_dep=None, packages_skip_by_dep=None, packages_skip_up_to=None, packages_select_build_failed=False, packages_skip_build_finished=False, packages_select_test_failures=False, packages_skip_test_passed=False, packages_select=None, packages_skip=None, packages_select_regex=None, packages_skip_regex=None, packages_start=None, packages_end=None, cmake_args=None, cmake_target=None, cmake_target_skip_unavailable=False, cmake_clean_cache=False, cmake_clean_first=False, cmake_force_configure=False, ament_cmake_args=None, catkin_cmake_args=None, catkin_skip_building_tests=False, verb_parser=<colcon_defaults.argument_parser.defaults.DefaultArgumentsDecorator object at 0x762cd521c560>, verb_extension=<colcon_core.verb.build.BuildVerb object at 0x762cd539fd40>, main=<bound method BuildVerb.main of <colcon_core.verb.build.BuildVerb object at 0x762cd539fd40>>)
[0.694s] Level 1:colcon.colcon_core.package_discovery:discover_packages(colcon_meta) check parameters
[0.694s] Level 1:colcon.colcon_core.package_discovery:discover_packages(recursive) check parameters
[0.694s] Level 1:colcon.colcon_core.package_discovery:discover_packages(ignore) check parameters
[0.694s] Level 1:colcon.colcon_core.package_discovery:discover_packages(path) check parameters
[0.694s] Level 1:colcon.colcon_core.package_discovery:discover_packages(colcon_meta) discover
[0.694s] Level 1:colcon.colcon_core.package_discovery:discover_packages(recursive) discover
[0.694s] INFO:colcon.colcon_core.package_discovery:Crawling recursively for packages in '/home/mehul-rathore/ros2_ws'
[0.694s] Level 1:colcon.colcon_core.package_identification:_identify(.) by extensions ['ignore', 'ignore_ament_install']
[0.695s] Level 1:colcon.colcon_core.package_identification:_identify(.) by extension 'ignore'
[0.695s] Level 1:colcon.colcon_core.package_identification:_identify(.) by extension 'ignore_ament_install'
[0.695s] Level 1:colcon.colcon_core.package_identification:_identify(.) by extensions ['colcon_pkg']
[0.695s] Level 1:colcon.colcon_core.package_identification:_identify(.) by extension 'colcon_pkg'
[0.695s] Level 1:colcon.colcon_core.package_identification:_identify(.) by extensions ['colcon_meta']
[0.695s] Level 1:colcon.colcon_core.package_identification:_identify(.) by extension 'colcon_meta'
[0.695s] Level 1:colcon.colcon_core.package_identification:_identify(.) by extensions ['ros']
[0.695s] Level 1:colcon.colcon_core.package_identification:_identify(.) by extension 'ros'
[0.740s] Level 1:colcon.colcon_core.package_identification:_identify(.) by extensions ['cmake', 'python']
[0.740s] Level 1:colcon.colcon_core.package_identification:_identify(.) by extension 'cmake'
[0.740s] Level 1:colcon.colcon_core.package_identification:_identify(.) by extension 'python'
[0.740s] Level 1:colcon.colcon_core.package_identification:_identify(.) by extensions ['python_setup_py']
[0.740s] Level 1:colcon.colcon_core.package_identification:_identify(.) by extension 'python_setup_py'
[0.741s] Level 1:colcon.colcon_core.package_identification:_identify(build) by extensions ['ignore', 'ignore_ament_install']
[0.741s] Level 1:colcon.colcon_core.package_identification:_identify(build) by extension 'ignore'
[0.741s] Level 1:colcon.colcon_core.package_identification:_identify(build) ignored
[0.741s] Level 1:colcon.colcon_core.package_identification:_identify(install) by extensions ['ignore', 'ignore_ament_install']
[0.741s] Level 1:colcon.colcon_core.package_identification:_identify(install) by extension 'ignore'
[0.741s] Level 1:colcon.colcon_core.package_identification:_identify(install) ignored
[0.741s] Level 1:colcon.colcon_core.package_identification:_identify(log) by extensions ['ignore', 'ignore_ament_install']
[0.741s] Level 1:colcon.colcon_core.package_identification:_identify(log) by extension 'ignore'
[0.741s] Level 1:colcon.colcon_core.package_identification:_identify(log) ignored
[0.741s] Level 1:colcon.colcon_core.package_identification:_identify(src) by extensions ['ignore', 'ignore_ament_install']
[0.741s] Level 1:colcon.colcon_core.package_identification:_identify(src) by extension 'ignore'
[0.741s] Level 1:colcon.colcon_core.package_identification:_identify(src) by extension 'ignore_ament_install'
[0.741s] Level 1:colcon.colcon_core.package_identification:_identify(src) by extensions ['colcon_pkg']
[0.741s] Level 1:colcon.colcon_core.package_identification:_identify(src) by extension 'colcon_pkg'
[0.741s] Level 1:colcon.colcon_core.package_identification:_identify(src) by extensions ['colcon_meta']
[0.741s] Level 1:colcon.colcon_core.package_identification:_identify(src) by extension 'colcon_meta'
[0.741s] Level 1:colcon.colcon_core.package_identification:_identify(src) by extensions ['ros']
[0.741s] Level 1:colcon.colcon_core.package_identification:_identify(src) by extension 'ros'
[0.741s] Level 1:colcon.colcon_core.package_identification:_identify(src) by extensions ['cmake', 'python']
[0.741s] Level 1:colcon.colcon_core.package_identification:_identify(src) by extension 'cmake'
[0.741s] Level 1:colcon.colcon_core.package_identification:_identify(src) by extension 'python'
[0.741s] Level 1:colcon.colcon_core.package_identification:_identify(src) by extensions ['python_setup_py']
[0.741s] Level 1:colcon.colcon_core.package_identification:_identify(src) by extension 'python_setup_py'
[0.742s] Level 1:colcon.colcon_core.package_identification:_identify(src/Universal_Robots_ROS2_Description) by extensions ['ignore', 'ignore_ament_install']
[0.742s] Level 1:colcon.colcon_core.package_identification:_identify(src/Universal_Robots_ROS2_Description) by extension 'ignore'
[0.742s] Level 1:colcon.colcon_core.package_identification:_identify(src/Universal_Robots_ROS2_Description) by extension 'ignore_ament_install'
[0.742s] Level 1:colcon.colcon_core.package_identification:_identify(src/Universal_Robots_ROS2_Description) by extensions ['colcon_pkg']
[0.742s] Level 1:colcon.colcon_core.package_identification:_identify(src/Universal_Robots_ROS2_Description) by extension 'colcon_pkg'
[0.742s] Level 1:colcon.colcon_core.package_identification:_identify(src/Universal_Robots_ROS2_Description) by extensions ['colcon_meta']
[0.742s] Level 1:colcon.colcon_core.package_identification:_identify(src/Universal_Robots_ROS2_Description) by extension 'colcon_meta'
[0.742s] Level 1:colcon.colcon_core.package_identification:_identify(src/Universal_Robots_ROS2_Description) by extensions ['ros']
[0.742s] Level 1:colcon.colcon_core.package_identification:_identify(src/Universal_Robots_ROS2_Description) by extension 'ros'
[0.749s] DEBUG:colcon.colcon_core.package_identification:Package 'src/Universal_Robots_ROS2_Description' with type 'ros.ament_cmake' and name 'ur_description'
[0.749s] Level 1:colcon.colcon_core.package_discovery:discover_packages(recursive) using defaults
[0.749s] Level 1:colcon.colcon_core.package_discovery:discover_packages(ignore) discover
[0.749s] Level 1:colcon.colcon_core.package_discovery:discover_packages(ignore) using defaults
[0.749s] Level 1:colcon.colcon_core.package_discovery:discover_packages(path) discover
[0.749s] Level 1:colcon.colcon_core.package_discovery:discover_packages(path) using defaults
[0.790s] Level 5:colcon.colcon_core.verb:set package 'ur_description' build argument 'cmake_args' from command line to 'None'
[0.790s] Level 5:colcon.colcon_core.verb:set package 'ur_description' build argument 'cmake_target' from command line to 'None'
[0.790s] Level 5:colcon.colcon_core.verb:set package 'ur_description' build argument 'cmake_target_skip_unavailable' from command line to 'False'
[0.790s] Level 5:colcon.colcon_core.verb:set package 'ur_description' build argument 'cmake_clean_cache' from command line to 'False'
[0.790s] Level 5:colcon.colcon_core.verb:set package 'ur_description' build argument 'cmake_clean_first' from command line to 'False'
[0.790s] Level 5:colcon.colcon_core.verb:set package 'ur_description' build argument 'cmake_force_configure' from command line to 'False'
[0.790s] Level 5:colcon.colcon_core.verb:set package 'ur_description' build argument 'ament_cmake_args' from command line to 'None'
[0.790s] Level 5:colcon.colcon_core.verb:set package 'ur_description' build argument 'catkin_cmake_args' from command line to 'None'
[0.790s] Level 5:colcon.colcon_core.verb:set package 'ur_description' build argument 'catkin_skip_building_tests' from command line to 'False'
[0.790s] DEBUG:colcon.colcon_core.verb:Building package 'ur_description' with the following arguments: {'ament_cmake_args': None, 'build_base': '/home/mehul-rathore/ros2_ws/build/ur_description', 'catkin_cmake_args': None, 'catkin_skip_building_tests': False, 'cmake_args': None, 'cmake_clean_cache': False, 'cmake_clean_first': False, 'cmake_force_configure': False, 'cmake_target': None, 'cmake_target_skip_unavailable': False, 'install_base': '/home/mehul-rathore/ros2_ws/install/ur_description', 'merge_install': False, 'path': '/home/mehul-rathore/ros2_ws/src/Universal_Robots_ROS2_Description', 'symlink_install': False, 'test_result_base': None}
[0.791s] INFO:colcon.colcon_core.executor:Executing jobs using 'parallel' executor
[0.795s] DEBUG:colcon.colcon_parallel_executor.executor.parallel:run_until_complete
[0.795s] INFO:colcon.colcon_ros.task.ament_cmake.build:Building ROS package in '/home/mehul-rathore/ros2_ws/src/Universal_Robots_ROS2_Description' with build type 'ament_cmake'
[0.795s] INFO:colcon.colcon_cmake.task.cmake.build:Building CMake package in '/home/mehul-rathore/ros2_ws/src/Universal_Robots_ROS2_Description'
[0.813s] INFO:colcon.colcon_core.plugin_system:Skipping extension 'colcon_core.shell.bat': Not used on non-Windows systems
[0.813s] DEBUG:colcon.colcon_core.shell:Skip shell extension 'dsv' for command environment
[0.833s] DEBUG:colcon.colcon_core.event_handler.log_command:Invoking command in '/home/mehul-rathore/ros2_ws/build/ur_description': CMAKE_PREFIX_PATH=${CMAKE_PREFIX_PATH}:/opt/ros/jazzy DEBUGINFOD_URLS=https://debuginfod.ubuntu.com /usr/bin/cmake /home/mehul-rathore/ros2_ws/src/Universal_Robots_ROS2_Description -DCMAKE_INSTALL_PREFIX=/home/mehul-rathore/ros2_ws/install/ur_description
[3.404s] DEBUG:colcon.colcon_core.event_handler.log_command:Invoked command in '/home/mehul-rathore/ros2_ws/build/ur_description' returned '0': CMAKE_PREFIX_PATH=${CMAKE_PREFIX_PATH}:/opt/ros/jazzy DEBUGINFOD_URLS=https://debuginfod.ubuntu.com /usr/bin/cmake /home/mehul-rathore/ros2_ws/src/Universal_Robots_ROS2_Description -DCMAKE_INSTALL_PREFIX=/home/mehul-rathore/ros2_ws/install/ur_description
[3.404s] DEBUG:colcon.colcon_core.event_handler.log_command:Invoking command in '/home/mehul-rathore/ros2_ws/build/ur_description': CMAKE_PREFIX_PATH=${CMAKE_PREFIX_PATH}:/opt/ros/jazzy DEBUGINFOD_URLS=https://debuginfod.ubuntu.com /usr/bin/cmake --build /home/mehul-rathore/ros2_ws/build/ur_description -- -j6 -l6
[3.461s] DEBUG:colcon.colcon_core.event_handler.log_command:Invoked command in '/home/mehul-rathore/ros2_ws/build/ur_description' returned '0': CMAKE_PREFIX_PATH=${CMAKE_PREFIX_PATH}:/opt/ros/jazzy DEBUGINFOD_URLS=https://debuginfod.ubuntu.com /usr/bin/cmake --build /home/mehul-rathore/ros2_ws/build/ur_description -- -j6 -l6
[3.481s] DEBUG:colcon.colcon_core.event_handler.log_command:Invoking command in '/home/mehul-rathore/ros2_ws/build/ur_description': CMAKE_PREFIX_PATH=${CMAKE_PREFIX_PATH}:/opt/ros/jazzy DEBUGINFOD_URLS=https://debuginfod.ubuntu.com /usr/bin/cmake --install /home/mehul-rathore/ros2_ws/build/ur_description
[3.640s] Level 1:colcon.colcon_core.environment:create_environment_scripts_only(ur_description)
[3.640s] DEBUG:colcon.colcon_core.event_handler.log_command:Invoked command in '/home/mehul-rathore/ros2_ws/build/ur_description' returned '0': CMAKE_PREFIX_PATH=${CMAKE_PREFIX_PATH}:/opt/ros/jazzy DEBUGINFOD_URLS=https://debuginfod.ubuntu.com /usr/bin/cmake --install /home/mehul-rathore/ros2_ws/build/ur_description
[3.657s] Level 1:colcon.colcon_core.environment:checking '/home/mehul-rathore/ros2_ws/install/ur_description' for CMake module files
[3.658s] Level 1:colcon.colcon_core.environment:checking '/home/mehul-rathore/ros2_ws/install/ur_description' for CMake config files
[3.658s] Level 1:colcon.colcon_core.shell:create_environment_hook('ur_description', 'cmake_prefix_path')
[3.659s] INFO:colcon.colcon_core.shell:Creating environment descriptor '/home/mehul-rathore/ros2_ws/install/ur_description/share/ur_description/hook/cmake_prefix_path.dsv'
[3.660s] INFO:colcon.colcon_core.shell:Creating environment hook '/home/mehul-rathore/ros2_ws/install/ur_description/share/ur_description/hook/cmake_prefix_path.sh'
[3.661s] Level 1:colcon.colcon_core.environment:checking '/home/mehul-rathore/ros2_ws/install/ur_description/bin'
[3.661s] Level 1:colcon.colcon_core.environment:checking '/home/mehul-rathore/ros2_ws/install/ur_description/lib/pkgconfig/ur_description.pc'
[3.663s] Level 1:colcon.colcon_core.environment:checking '/home/mehul-rathore/ros2_ws/install/ur_description/lib/python3.12/site-packages'
[3.663s] Level 1:colcon.colcon_core.environment:checking '/home/mehul-rathore/ros2_ws/install/ur_description/bin'
[3.663s] INFO:colcon.colcon_core.shell:Creating package descriptor '/home/mehul-rathore/ros2_ws/install/ur_description/share/ur_description/package.dsv'
[3.664s] INFO:colcon.colcon_core.shell:Creating package script '/home/mehul-rathore/ros2_ws/install/ur_description/share/ur_description/package.sh'
[3.665s] INFO:colcon.colcon_core.shell:Creating package script '/home/mehul-rathore/ros2_ws/install/ur_description/share/ur_description/package.bash'
[3.668s] INFO:colcon.colcon_core.shell:Creating package script '/home/mehul-rathore/ros2_ws/install/ur_description/share/ur_description/package.zsh'
[3.670s] Level 1:colcon.colcon_core.environment:create_file_with_runtime_dependencies(/home/mehul-rathore/ros2_ws/install/ur_description/share/colcon-core/packages/ur_description)
[3.671s] Level 1:colcon.colcon_core.environment:create_environment_scripts_only(ur_description)
[3.671s] Level 1:colcon.colcon_core.environment:checking '/home/mehul-rathore/ros2_ws/install/ur_description' for CMake module files
[3.672s] Level 1:colcon.colcon_core.environment:checking '/home/mehul-rathore/ros2_ws/install/ur_description' for CMake config files
[3.673s] Level 1:colcon.colcon_core.shell:create_environment_hook('ur_description', 'cmake_prefix_path')
[3.673s] INFO:colcon.colcon_core.shell:Creating environment descriptor '/home/mehul-rathore/ros2_ws/install/ur_description/share/ur_description/hook/cmake_prefix_path.dsv'
[3.674s] INFO:colcon.colcon_core.shell:Creating environment hook '/home/mehul-rathore/ros2_ws/install/ur_description/share/ur_description/hook/cmake_prefix_path.sh'
[3.675s] Level 1:colcon.colcon_core.environment:checking '/home/mehul-rathore/ros2_ws/install/ur_description/bin'
[3.675s] Level 1:colcon.colcon_core.environment:checking '/home/mehul-rathore/ros2_ws/install/ur_description/lib/pkgconfig/ur_description.pc'
[3.675s] Level 1:colcon.colcon_core.environment:checking '/home/mehul-rathore/ros2_ws/install/ur_description/lib/python3.12/site-packages'
[3.676s] Level 1:colcon.colcon_core.environment:checking '/home/mehul-rathore/ros2_ws/install/ur_description/bin'
[3.676s] INFO:colcon.colcon_core.shell:Creating package descriptor '/home/mehul-rathore/ros2_ws/install/ur_description/share/ur_description/package.dsv'
[3.677s] INFO:colcon.colcon_core.shell:Creating package script '/home/mehul-rathore/ros2_ws/install/ur_description/share/ur_description/package.sh'
[3.677s] INFO:colcon.colcon_core.shell:Creating package script '/home/mehul-rathore/ros2_ws/install/ur_description/share/ur_description/package.bash'
[3.678s] INFO:colcon.colcon_core.shell:Creating package script '/home/mehul-rathore/ros2_ws/install/ur_description/share/ur_description/package.zsh'
[3.679s] Level 1:colcon.colcon_core.environment:create_file_with_runtime_dependencies(/home/mehul-rathore/ros2_ws/install/ur_description/share/colcon-core/packages/ur_description)
[3.679s] DEBUG:colcon.colcon_parallel_executor.executor.parallel:closing loop
[3.680s] DEBUG:colcon.colcon_parallel_executor.executor.parallel:loop closed
[3.680s] DEBUG:colcon.colcon_parallel_executor.executor.parallel:run_until_complete finished with '0'
[3.680s] DEBUG:colcon.colcon_core.event_reactor:joining thread
[3.699s] INFO:colcon.colcon_core.plugin_system:Skipping extension 'colcon_notification.desktop_notification.terminal_notifier': Not used on non-Darwin systems
[3.699s] INFO:colcon.colcon_core.plugin_system:Skipping extension 'colcon_notification.desktop_notification.win32': Not used on non-Windows systems
[3.699s] INFO:colcon.colcon_notification.desktop_notification:Sending desktop notification using 'notify2'
[3.727s] DEBUG:colcon.colcon_core.event_reactor:joined thread
[3.727s] INFO:colcon.colcon_core.shell:Creating prefix script '/home/mehul-rathore/ros2_ws/install/local_setup.sh'
[3.728s] INFO:colcon.colcon_core.shell:Creating prefix util module '/home/mehul-rathore/ros2_ws/install/_local_setup_util_sh.py'
[3.730s] INFO:colcon.colcon_core.shell:Creating prefix chain script '/home/mehul-rathore/ros2_ws/install/setup.sh'
[3.732s] INFO:colcon.colcon_core.shell:Creating prefix script '/home/mehul-rathore/ros2_ws/install/local_setup.bash'
[3.733s] INFO:colcon.colcon_core.shell:Creating prefix chain script '/home/mehul-rathore/ros2_ws/install/setup.bash'
[3.735s] INFO:colcon.colcon_core.shell:Creating prefix script '/home/mehul-rathore/ros2_ws/install/local_setup.zsh'
[3.737s] INFO:colcon.colcon_core.shell:Creating prefix chain script '/home/mehul-rathore/ros2_ws/install/setup.zsh'
