[0.023s] Invoking command in '/home/mehul-rathore/ros2_ws/build/ur_moveit_config': CMAKE_PREFIX_PATH=${CMAKE_PREFIX_PATH}:/opt/ros/jazzy DEBUGINFOD_URLS=https://debuginfod.ubuntu.com /usr/bin/cmake /home/mehul-rathore/ros2_ws/src/Universal_Robots_ROS2_Driver/ur_moveit_config -DAMENT_CMAKE_SYMLINK_INSTALL=1 -DCMAKE_INSTALL_PREFIX=/home/mehul-rathore/ros2_ws/install/ur_moveit_config
[0.138s] -- The C compiler identification is GNU 13.3.0
[0.242s] -- The CXX compiler identification is GNU 13.3.0
[0.284s] -- Detecting C compiler ABI info
[0.486s] -- Detecting C compiler ABI info - done
[0.494s] -- Check for working C compiler: /usr/bin/cc - skipped
[0.494s] -- Detecting C compile features
[0.495s] -- Detecting C compile features - done
[0.511s] -- Detecting CXX compiler ABI info
[0.711s] -- Detecting CXX compiler ABI info - done
[0.719s] -- Check for working CXX compiler: /usr/bin/c++ - skipped
[0.720s] -- Detecting CXX compile features
[0.721s] -- Detecting CXX compile features - done
[0.730s] -- Found ament_cmake: 2.5.6 (/opt/ros/jazzy/share/ament_cmake/cmake)
[0.979s] -- Found Python3: /usr/bin/python3 (found version "3.12.3") found components: Interpreter 
[1.070s] -- Override CMake install command with custom implementation using symlinks instead of copying resources
[1.283s] -- Configuring done (1.2s)
[1.283s] -- Generating done (0.0s)
[1.285s] -- Build files have been written to: /home/mehul-rathore/ros2_ws/build/ur_moveit_config
[1.301s] Invoked command in '/home/mehul-rathore/ros2_ws/build/ur_moveit_config' returned '0': CMAKE_PREFIX_PATH=${CMAKE_PREFIX_PATH}:/opt/ros/jazzy DEBUGINFOD_URLS=https://debuginfod.ubuntu.com /usr/bin/cmake /home/mehul-rathore/ros2_ws/src/Universal_Robots_ROS2_Driver/ur_moveit_config -DAMENT_CMAKE_SYMLINK_INSTALL=1 -DCMAKE_INSTALL_PREFIX=/home/mehul-rathore/ros2_ws/install/ur_moveit_config
[1.301s] Invoking command in '/home/mehul-rathore/ros2_ws/build/ur_moveit_config': CMAKE_PREFIX_PATH=${CMAKE_PREFIX_PATH}:/opt/ros/jazzy DEBUGINFOD_URLS=https://debuginfod.ubuntu.com /usr/bin/cmake --build /home/mehul-rathore/ros2_ws/build/ur_moveit_config -- -j6 -l6
[1.412s] Invoked command in '/home/mehul-rathore/ros2_ws/build/ur_moveit_config' returned '0': CMAKE_PREFIX_PATH=${CMAKE_PREFIX_PATH}:/opt/ros/jazzy DEBUGINFOD_URLS=https://debuginfod.ubuntu.com /usr/bin/cmake --build /home/mehul-rathore/ros2_ws/build/ur_moveit_config -- -j6 -l6
[1.413s] Invoking command in '/home/mehul-rathore/ros2_ws/build/ur_moveit_config': CMAKE_PREFIX_PATH=${CMAKE_PREFIX_PATH}:/opt/ros/jazzy DEBUGINFOD_URLS=https://debuginfod.ubuntu.com /usr/bin/cmake --install /home/mehul-rathore/ros2_ws/build/ur_moveit_config
[1.429s] -- Install configuration: ""
[1.429s] -- Execute custom install script
[1.431s] -- Symlinking: /home/mehul-rathore/ros2_ws/install/ur_moveit_config/share/ament_index/resource_index/package_run_dependencies/ur_moveit_config
[1.464s] -- Symlinking: /home/mehul-rathore/ros2_ws/install/ur_moveit_config/share/ament_index/resource_index/parent_prefix_path/ur_moveit_config
[1.482s] -- Symlinking: /home/mehul-rathore/ros2_ws/install/ur_moveit_config/share/ur_moveit_config/environment/ament_prefix_path.sh
[1.500s] -- Symlinking: /home/mehul-rathore/ros2_ws/install/ur_moveit_config/share/ur_moveit_config/environment/ament_prefix_path.dsv
[1.514s] -- Symlinking: /home/mehul-rathore/ros2_ws/install/ur_moveit_config/share/ur_moveit_config/environment/path.sh
[1.535s] -- Symlinking: /home/mehul-rathore/ros2_ws/install/ur_moveit_config/share/ur_moveit_config/environment/path.dsv
[1.553s] -- Symlinking: /home/mehul-rathore/ros2_ws/install/ur_moveit_config/share/ur_moveit_config/local_setup.bash
[1.574s] -- Symlinking: /home/mehul-rathore/ros2_ws/install/ur_moveit_config/share/ur_moveit_config/local_setup.sh
[1.584s] -- Symlinking: /home/mehul-rathore/ros2_ws/install/ur_moveit_config/share/ur_moveit_config/local_setup.zsh
[1.600s] -- Symlinking: /home/mehul-rathore/ros2_ws/install/ur_moveit_config/share/ur_moveit_config/local_setup.dsv
[1.622s] -- Symlinking: /home/mehul-rathore/ros2_ws/install/ur_moveit_config/share/ur_moveit_config/package.dsv
[1.631s] -- Symlinking: /home/mehul-rathore/ros2_ws/install/ur_moveit_config/share/ament_index/resource_index/packages/ur_moveit_config
[1.642s] -- Symlinking: /home/mehul-rathore/ros2_ws/install/ur_moveit_config/share/ur_moveit_config/cmake/ur_moveit_configConfig.cmake
[1.680s] -- Symlinking: /home/mehul-rathore/ros2_ws/install/ur_moveit_config/share/ur_moveit_config/cmake/ur_moveit_configConfig-version.cmake
[1.692s] -- Symlinking: /home/mehul-rathore/ros2_ws/install/ur_moveit_config/share/ur_moveit_config/package.xml
[1.709s] -- Symlinking: /home/mehul-rathore/ros2_ws/install/ur_moveit_config/share/ur_moveit_config/config/chomp_planning.yaml
[1.728s] -- Symlinking: /home/mehul-rathore/ros2_ws/install/ur_moveit_config/share/ur_moveit_config/config/joint_limits.yaml
[1.746s] -- Symlinking: /home/mehul-rathore/ros2_ws/install/ur_moveit_config/share/ur_moveit_config/config/kinematics.yaml
[1.774s] -- Symlinking: /home/mehul-rathore/ros2_ws/install/ur_moveit_config/share/ur_moveit_config/config/moveit.rviz
[1.805s] -- Symlinking: /home/mehul-rathore/ros2_ws/install/ur_moveit_config/share/ur_moveit_config/config/moveit_controllers.yaml
[1.806s] -- Symlinking: /home/mehul-rathore/ros2_ws/install/ur_moveit_config/share/ur_moveit_config/config/ompl_planning.yaml
[1.819s] -- Symlinking: /home/mehul-rathore/ros2_ws/install/ur_moveit_config/share/ur_moveit_config/config/pilz_cartesian_limits.yaml
[1.845s] -- Symlinking: /home/mehul-rathore/ros2_ws/install/ur_moveit_config/share/ur_moveit_config/config/pilz_industrial_motion_planner_planning.yaml
[1.864s] -- Symlinking: /home/mehul-rathore/ros2_ws/install/ur_moveit_config/share/ur_moveit_config/config/ur_servo.yaml
[1.893s] -- Symlinking: /home/mehul-rathore/ros2_ws/install/ur_moveit_config/share/ur_moveit_config/launch/ur_moveit.launch.py
[1.911s] -- Symlinking: /home/mehul-rathore/ros2_ws/install/ur_moveit_config/share/ur_moveit_config/srdf/ur.srdf.xacro
[1.936s] -- Symlinking: /home/mehul-rathore/ros2_ws/install/ur_moveit_config/share/ur_moveit_config/srdf/ur_macro.srdf.xacro
[1.955s] Invoked command in '/home/mehul-rathore/ros2_ws/build/ur_moveit_config' returned '0': CMAKE_PREFIX_PATH=${CMAKE_PREFIX_PATH}:/opt/ros/jazzy DEBUGINFOD_URLS=https://debuginfod.ubuntu.com /usr/bin/cmake --install /home/mehul-rathore/ros2_ws/build/ur_moveit_config
