[0.090s] Invoking command in '/home/mehul-rathore/ros2_ws/build/ur_calibration': AMENT_PREFIX_PATH=/home/mehul-rathore/ros2_ws/install/ur_robot_driver:/home/mehul-rathore/ros2_ws/install/ur_controllers:/home/mehul-rathore/ros2_ws/install/ur_dashboard_msgs:${AMENT_PREFIX_PATH} CMAKE_PREFIX_PATH=/home/mehul-rathore/ros2_ws/install/ur_robot_driver:/home/mehul-rathore/ros2_ws/install/ur_controllers:/home/mehul-rathore/ros2_ws/install/ur_description:/home/mehul-rathore/ros2_ws/install/ur_dashboard_msgs:/opt/ros/jazzy/opt/gz_sim_vendor:/opt/ros/jazzy/opt/gz_sensors_vendor:/opt/ros/jazzy/opt/gz_physics_vendor:/opt/ros/jazzy/opt/sdformat_vendor:/opt/ros/jazzy/opt/gz_gui_vendor:/opt/ros/jazzy/opt/gz_transport_vendor:/opt/ros/jazzy/opt/gz_rendering_vendor:/opt/ros/jazzy/opt/gz_plugin_vendor:/opt/ros/jazzy/opt/gz_fuel_tools_vendor:/opt/ros/jazzy/opt/gz_msgs_vendor:/opt/ros/jazzy/opt/gz_common_vendor:/opt/ros/jazzy/opt/gz_math_vendor:/opt/ros/jazzy/opt/gz_utils_vendor:/opt/ros/jazzy/opt/gz_tools_vendor:/opt/ros/jazzy/opt/gz_ogre_next_vendor:/opt/ros/jazzy/opt/gz_dartsim_vendor:/opt/ros/jazzy/opt/gz_cmake_vendor:/opt/ros/jazzy DEBUGINFOD_URLS=https://debuginfod.ubuntu.com LD_LIBRARY_PATH=/home/mehul-rathore/ros2_ws/install/ur_robot_driver/lib:/home/mehul-rathore/ros2_ws/install/ur_controllers/lib:/home/mehul-rathore/ros2_ws/install/ur_dashboard_msgs/lib:${LD_LIBRARY_PATH} PATH=/home/mehul-rathore/ros2_ws/install/ur_robot_driver/bin:${PATH} PYTHONPATH=/home/mehul-rathore/ros2_ws/install/ur_robot_driver/lib/python3.12/site-packages:/home/mehul-rathore/ros2_ws/install/ur_dashboard_msgs/lib/python3.12/site-packages:${PYTHONPATH} /usr/bin/cmake /home/mehul-rathore/ros2_ws/src/Universal_Robots_ROS2_Driver/ur_calibration -DAMENT_CMAKE_SYMLINK_INSTALL=1 -DCMAKE_INSTALL_PREFIX=/home/mehul-rathore/ros2_ws/install/ur_calibration
[0.334s] -- The C compiler identification is GNU 13.3.0
[0.420s] -- The CXX compiler identification is GNU 13.3.0
[0.463s] -- Detecting C compiler ABI info
[0.621s] -- Detecting C compiler ABI info - done
[0.629s] -- Check for working C compiler: /usr/bin/cc - skipped
[0.631s] -- Detecting C compile features
[0.633s] -- Detecting C compile features - done
[0.655s] -- Detecting CXX compiler ABI info
[0.851s] -- Detecting CXX compiler ABI info - done
[0.857s] -- Check for working CXX compiler: /usr/bin/c++ - skipped
[0.857s] -- Detecting CXX compile features
[0.858s] -- Detecting CXX compile features - done
[0.859s] [0mur_calibration: You did not request a specific build type: selecting 'RelWithDebInfo'.[0m
[0.882s] -- Found ament_cmake: 2.5.6 (/opt/ros/jazzy/share/ament_cmake/cmake)
[1.097s] -- Found Python3: /usr/bin/python3 (found version "3.12.3") found components: Interpreter 
[1.242s] -- Override CMake install command with custom implementation using symlinks instead of copying resources
[1.377s] -- Found rclcpp: 28.1.18 (/opt/ros/jazzy/share/rclcpp/cmake)
[1.524s] -- Found rosidl_generator_c: 4.6.7 (/opt/ros/jazzy/share/rosidl_generator_c/cmake)
[1.571s] -- Found rosidl_generator_cpp: 4.6.7 (/opt/ros/jazzy/share/rosidl_generator_cpp/cmake)
[1.643s] -- Using all available rosidl_typesupport_c: rosidl_typesupport_fastrtps_c;rosidl_typesupport_introspection_c
[1.707s] -- Using all available rosidl_typesupport_cpp: rosidl_typesupport_fastrtps_cpp;rosidl_typesupport_introspection_cpp
[1.930s] -- Found rmw_implementation_cmake: 7.3.3 (/opt/ros/jazzy/share/rmw_implementation_cmake/cmake)
[1.941s] -- Found rmw_fastrtps_cpp: 8.4.3 (/opt/ros/jazzy/share/rmw_fastrtps_cpp/cmake)
[2.226s] -- Found OpenSSL: /usr/lib/x86_64-linux-gnu/libcrypto.so (found version "3.0.13")  
[2.280s] -- Found FastRTPS: /opt/ros/jazzy/include (Required is at least version "2.13") 
[2.322s] -- Using RMW implementation 'rmw_fastrtps_cpp' as default
[2.496s] -- Found ur_robot_driver: 3.8.0 (/home/mehul-rathore/ros2_ws/install/ur_robot_driver/share/ur_robot_driver/cmake)
[3.759s] -- Found eigen3_cmake_module: 0.3.0 (/opt/ros/jazzy/share/eigen3_cmake_module/cmake)
[3.762s] -- Found Eigen3: TRUE (found version "3.4.0") 
[3.771s] -- Ensuring Eigen3 include directory is part of orocos-kdl CMake target
[4.118s] -- Found yaml_cpp_vendor: 9.0.1 (/opt/ros/jazzy/share/yaml_cpp_vendor/cmake)
[4.122s] -- Setting yaml-cpp_DIR to: '/opt/ros/jazzy/share/yaml_cpp_vendor/cmake/../../../opt/yaml_cpp_vendor/share/cmake/yaml-cpp'
[4.166s] -- Found ament_cmake_gmock: 2.5.6 (/opt/ros/jazzy/share/ament_cmake_gmock/cmake)
[4.175s] -- Found gmock sources under '/opt/ros/jazzy/src/gmock_vendor': C++ tests using 'Google Mock' will be built
[4.194s] -- Found ament_cmake_gtest: 2.5.6 (/opt/ros/jazzy/share/ament_cmake_gtest/cmake)
[4.199s] -- Found gtest sources under '/opt/ros/jazzy/src/gtest_vendor': C++ tests using 'Google Test' will be built
[4.369s] -- Configuring done (4.3s)
[4.516s] -- Generating done (0.1s)
[4.527s] -- Build files have been written to: /home/mehul-rathore/ros2_ws/build/ur_calibration
[4.551s] Invoked command in '/home/mehul-rathore/ros2_ws/build/ur_calibration' returned '0': AMENT_PREFIX_PATH=/home/mehul-rathore/ros2_ws/install/ur_robot_driver:/home/mehul-rathore/ros2_ws/install/ur_controllers:/home/mehul-rathore/ros2_ws/install/ur_dashboard_msgs:${AMENT_PREFIX_PATH} CMAKE_PREFIX_PATH=/home/mehul-rathore/ros2_ws/install/ur_robot_driver:/home/mehul-rathore/ros2_ws/install/ur_controllers:/home/mehul-rathore/ros2_ws/install/ur_description:/home/mehul-rathore/ros2_ws/install/ur_dashboard_msgs:/opt/ros/jazzy/opt/gz_sim_vendor:/opt/ros/jazzy/opt/gz_sensors_vendor:/opt/ros/jazzy/opt/gz_physics_vendor:/opt/ros/jazzy/opt/sdformat_vendor:/opt/ros/jazzy/opt/gz_gui_vendor:/opt/ros/jazzy/opt/gz_transport_vendor:/opt/ros/jazzy/opt/gz_rendering_vendor:/opt/ros/jazzy/opt/gz_plugin_vendor:/opt/ros/jazzy/opt/gz_fuel_tools_vendor:/opt/ros/jazzy/opt/gz_msgs_vendor:/opt/ros/jazzy/opt/gz_common_vendor:/opt/ros/jazzy/opt/gz_math_vendor:/opt/ros/jazzy/opt/gz_utils_vendor:/opt/ros/jazzy/opt/gz_tools_vendor:/opt/ros/jazzy/opt/gz_ogre_next_vendor:/opt/ros/jazzy/opt/gz_dartsim_vendor:/opt/ros/jazzy/opt/gz_cmake_vendor:/opt/ros/jazzy DEBUGINFOD_URLS=https://debuginfod.ubuntu.com LD_LIBRARY_PATH=/home/mehul-rathore/ros2_ws/install/ur_robot_driver/lib:/home/mehul-rathore/ros2_ws/install/ur_controllers/lib:/home/mehul-rathore/ros2_ws/install/ur_dashboard_msgs/lib:${LD_LIBRARY_PATH} PATH=/home/mehul-rathore/ros2_ws/install/ur_robot_driver/bin:${PATH} PYTHONPATH=/home/mehul-rathore/ros2_ws/install/ur_robot_driver/lib/python3.12/site-packages:/home/mehul-rathore/ros2_ws/install/ur_dashboard_msgs/lib/python3.12/site-packages:${PYTHONPATH} /usr/bin/cmake /home/mehul-rathore/ros2_ws/src/Universal_Robots_ROS2_Driver/ur_calibration -DAMENT_CMAKE_SYMLINK_INSTALL=1 -DCMAKE_INSTALL_PREFIX=/home/mehul-rathore/ros2_ws/install/ur_calibration
[4.555s] Invoking command in '/home/mehul-rathore/ros2_ws/build/ur_calibration': AMENT_PREFIX_PATH=/home/mehul-rathore/ros2_ws/install/ur_robot_driver:/home/mehul-rathore/ros2_ws/install/ur_controllers:/home/mehul-rathore/ros2_ws/install/ur_dashboard_msgs:${AMENT_PREFIX_PATH} CMAKE_PREFIX_PATH=/home/mehul-rathore/ros2_ws/install/ur_robot_driver:/home/mehul-rathore/ros2_ws/install/ur_controllers:/home/mehul-rathore/ros2_ws/install/ur_description:/home/mehul-rathore/ros2_ws/install/ur_dashboard_msgs:/opt/ros/jazzy/opt/gz_sim_vendor:/opt/ros/jazzy/opt/gz_sensors_vendor:/opt/ros/jazzy/opt/gz_physics_vendor:/opt/ros/jazzy/opt/sdformat_vendor:/opt/ros/jazzy/opt/gz_gui_vendor:/opt/ros/jazzy/opt/gz_transport_vendor:/opt/ros/jazzy/opt/gz_rendering_vendor:/opt/ros/jazzy/opt/gz_plugin_vendor:/opt/ros/jazzy/opt/gz_fuel_tools_vendor:/opt/ros/jazzy/opt/gz_msgs_vendor:/opt/ros/jazzy/opt/gz_common_vendor:/opt/ros/jazzy/opt/gz_math_vendor:/opt/ros/jazzy/opt/gz_utils_vendor:/opt/ros/jazzy/opt/gz_tools_vendor:/opt/ros/jazzy/opt/gz_ogre_next_vendor:/opt/ros/jazzy/opt/gz_dartsim_vendor:/opt/ros/jazzy/opt/gz_cmake_vendor:/opt/ros/jazzy DEBUGINFOD_URLS=https://debuginfod.ubuntu.com LD_LIBRARY_PATH=/home/mehul-rathore/ros2_ws/install/ur_robot_driver/lib:/home/mehul-rathore/ros2_ws/install/ur_controllers/lib:/home/mehul-rathore/ros2_ws/install/ur_dashboard_msgs/lib:${LD_LIBRARY_PATH} PATH=/home/mehul-rathore/ros2_ws/install/ur_robot_driver/bin:${PATH} PYTHONPATH=/home/mehul-rathore/ros2_ws/install/ur_robot_driver/lib/python3.12/site-packages:/home/mehul-rathore/ros2_ws/install/ur_dashboard_msgs/lib/python3.12/site-packages:${PYTHONPATH} /usr/bin/cmake --build /home/mehul-rathore/ros2_ws/build/ur_calibration -- -j6 -l6
[4.666s] [  8%] [32mBuilding CXX object gmock/CMakeFiles/gmock_main.dir/src/gmock_main.cc.o[0m
[4.669s] [ 16%] [32mBuilding CXX object CMakeFiles/calibration.dir/src/calibration.cpp.o[0m
[4.670s] [ 25%] [32mBuilding CXX object CMakeFiles/calibration.dir/src/calibration_consumer.cpp.o[0m
[6.188s] [ 33%] [32m[1mLinking CXX static library libgmock_main.a[0m
[6.306s] [ 33%] Built target gmock_main
[6.384s] [ 41%] [32mBuilding CXX object gmock/CMakeFiles/gmock.dir/opt/ros/jazzy/src/gtest_vendor/src/gtest-all.cc.o[0m
[6.392s] [ 50%] [32mBuilding CXX object gmock/CMakeFiles/gmock.dir/src/gmock-all.cc.o[0m
[15.341s] [ 58%] [32m[1mLinking CXX static library libcalibration.a[0m
[15.515s] [ 58%] Built target calibration
[15.580s] [ 66%] [32mBuilding CXX object CMakeFiles/calibration_correction.dir/src/calibration_correction.cpp.o[0m
[19.723s] [ 75%] [32m[1mLinking CXX static library libgmock.a[0m
[19.939s] [ 75%] Built target gmock
[19.996s] [ 83%] [32mBuilding CXX object CMakeFiles/calibration_test.dir/test/calibration_test.cpp.o[0m
[26.679s] [ 91%] [32m[1mLinking CXX executable calibration_correction[0m
[27.849s] [ 91%] Built target calibration_correction
[35.645s] [100%] [32m[1mLinking CXX executable calibration_test[0m
[36.102s] [100%] Built target calibration_test
[36.118s] Invoked command in '/home/mehul-rathore/ros2_ws/build/ur_calibration' returned '0': AMENT_PREFIX_PATH=/home/mehul-rathore/ros2_ws/install/ur_robot_driver:/home/mehul-rathore/ros2_ws/install/ur_controllers:/home/mehul-rathore/ros2_ws/install/ur_dashboard_msgs:${AMENT_PREFIX_PATH} CMAKE_PREFIX_PATH=/home/mehul-rathore/ros2_ws/install/ur_robot_driver:/home/mehul-rathore/ros2_ws/install/ur_controllers:/home/mehul-rathore/ros2_ws/install/ur_description:/home/mehul-rathore/ros2_ws/install/ur_dashboard_msgs:/opt/ros/jazzy/opt/gz_sim_vendor:/opt/ros/jazzy/opt/gz_sensors_vendor:/opt/ros/jazzy/opt/gz_physics_vendor:/opt/ros/jazzy/opt/sdformat_vendor:/opt/ros/jazzy/opt/gz_gui_vendor:/opt/ros/jazzy/opt/gz_transport_vendor:/opt/ros/jazzy/opt/gz_rendering_vendor:/opt/ros/jazzy/opt/gz_plugin_vendor:/opt/ros/jazzy/opt/gz_fuel_tools_vendor:/opt/ros/jazzy/opt/gz_msgs_vendor:/opt/ros/jazzy/opt/gz_common_vendor:/opt/ros/jazzy/opt/gz_math_vendor:/opt/ros/jazzy/opt/gz_utils_vendor:/opt/ros/jazzy/opt/gz_tools_vendor:/opt/ros/jazzy/opt/gz_ogre_next_vendor:/opt/ros/jazzy/opt/gz_dartsim_vendor:/opt/ros/jazzy/opt/gz_cmake_vendor:/opt/ros/jazzy DEBUGINFOD_URLS=https://debuginfod.ubuntu.com LD_LIBRARY_PATH=/home/mehul-rathore/ros2_ws/install/ur_robot_driver/lib:/home/mehul-rathore/ros2_ws/install/ur_controllers/lib:/home/mehul-rathore/ros2_ws/install/ur_dashboard_msgs/lib:${LD_LIBRARY_PATH} PATH=/home/mehul-rathore/ros2_ws/install/ur_robot_driver/bin:${PATH} PYTHONPATH=/home/mehul-rathore/ros2_ws/install/ur_robot_driver/lib/python3.12/site-packages:/home/mehul-rathore/ros2_ws/install/ur_dashboard_msgs/lib/python3.12/site-packages:${PYTHONPATH} /usr/bin/cmake --build /home/mehul-rathore/ros2_ws/build/ur_calibration -- -j6 -l6
[36.119s] Invoking command in '/home/mehul-rathore/ros2_ws/build/ur_calibration': AMENT_PREFIX_PATH=/home/mehul-rathore/ros2_ws/install/ur_robot_driver:/home/mehul-rathore/ros2_ws/install/ur_controllers:/home/mehul-rathore/ros2_ws/install/ur_dashboard_msgs:${AMENT_PREFIX_PATH} CMAKE_PREFIX_PATH=/home/mehul-rathore/ros2_ws/install/ur_robot_driver:/home/mehul-rathore/ros2_ws/install/ur_controllers:/home/mehul-rathore/ros2_ws/install/ur_description:/home/mehul-rathore/ros2_ws/install/ur_dashboard_msgs:/opt/ros/jazzy/opt/gz_sim_vendor:/opt/ros/jazzy/opt/gz_sensors_vendor:/opt/ros/jazzy/opt/gz_physics_vendor:/opt/ros/jazzy/opt/sdformat_vendor:/opt/ros/jazzy/opt/gz_gui_vendor:/opt/ros/jazzy/opt/gz_transport_vendor:/opt/ros/jazzy/opt/gz_rendering_vendor:/opt/ros/jazzy/opt/gz_plugin_vendor:/opt/ros/jazzy/opt/gz_fuel_tools_vendor:/opt/ros/jazzy/opt/gz_msgs_vendor:/opt/ros/jazzy/opt/gz_common_vendor:/opt/ros/jazzy/opt/gz_math_vendor:/opt/ros/jazzy/opt/gz_utils_vendor:/opt/ros/jazzy/opt/gz_tools_vendor:/opt/ros/jazzy/opt/gz_ogre_next_vendor:/opt/ros/jazzy/opt/gz_dartsim_vendor:/opt/ros/jazzy/opt/gz_cmake_vendor:/opt/ros/jazzy DEBUGINFOD_URLS=https://debuginfod.ubuntu.com LD_LIBRARY_PATH=/home/mehul-rathore/ros2_ws/install/ur_robot_driver/lib:/home/mehul-rathore/ros2_ws/install/ur_controllers/lib:/home/mehul-rathore/ros2_ws/install/ur_dashboard_msgs/lib:${LD_LIBRARY_PATH} PATH=/home/mehul-rathore/ros2_ws/install/ur_robot_driver/bin:${PATH} PYTHONPATH=/home/mehul-rathore/ros2_ws/install/ur_robot_driver/lib/python3.12/site-packages:/home/mehul-rathore/ros2_ws/install/ur_dashboard_msgs/lib/python3.12/site-packages:${PYTHONPATH} /usr/bin/cmake --install /home/mehul-rathore/ros2_ws/build/ur_calibration
[36.129s] -- Install configuration: "RelWithDebInfo"
[36.134s] -- Execute custom install script
[36.134s] -- Symlinking: /home/mehul-rathore/ros2_ws/install/ur_calibration/lib/ur_calibration/calibration_correction
[36.142s] -- Symlinking: /home/mehul-rathore/ros2_ws/install/ur_calibration/include/ur_calibration/calibration.hpp
[36.163s] -- Symlinking: /home/mehul-rathore/ros2_ws/install/ur_calibration/include/ur_calibration/calibration_consumer.hpp
[36.164s] -- Symlinking: /home/mehul-rathore/ros2_ws/install/ur_calibration/share/ur_calibration/launch/calibration_correction.launch.py
[36.194s] -- Symlinking: /home/mehul-rathore/ros2_ws/install/ur_calibration/share/ament_index/resource_index/package_run_dependencies/ur_calibration
[36.207s] -- Symlinking: /home/mehul-rathore/ros2_ws/install/ur_calibration/share/ament_index/resource_index/parent_prefix_path/ur_calibration
[36.228s] -- Symlinking: /home/mehul-rathore/ros2_ws/install/ur_calibration/share/ur_calibration/environment/ament_prefix_path.sh
[36.241s] -- Symlinking: /home/mehul-rathore/ros2_ws/install/ur_calibration/share/ur_calibration/environment/ament_prefix_path.dsv
[36.257s] -- Symlinking: /home/mehul-rathore/ros2_ws/install/ur_calibration/share/ur_calibration/environment/path.sh
[36.275s] -- Symlinking: /home/mehul-rathore/ros2_ws/install/ur_calibration/share/ur_calibration/environment/path.dsv
[36.292s] -- Symlinking: /home/mehul-rathore/ros2_ws/install/ur_calibration/share/ur_calibration/local_setup.bash
[36.310s] -- Symlinking: /home/mehul-rathore/ros2_ws/install/ur_calibration/share/ur_calibration/local_setup.sh
[36.321s] -- Symlinking: /home/mehul-rathore/ros2_ws/install/ur_calibration/share/ur_calibration/local_setup.zsh
[36.335s] -- Symlinking: /home/mehul-rathore/ros2_ws/install/ur_calibration/share/ur_calibration/local_setup.dsv
[36.354s] -- Symlinking: /home/mehul-rathore/ros2_ws/install/ur_calibration/share/ur_calibration/package.dsv
[36.368s] -- Symlinking: /home/mehul-rathore/ros2_ws/install/ur_calibration/share/ament_index/resource_index/packages/ur_calibration
[36.385s] -- Symlinking: /home/mehul-rathore/ros2_ws/install/ur_calibration/share/ur_calibration/cmake/ament_cmake_export_include_directories-extras.cmake
[36.399s] -- Symlinking: /home/mehul-rathore/ros2_ws/install/ur_calibration/share/ur_calibration/cmake/ament_cmake_export_dependencies-extras.cmake
[36.419s] -- Symlinking: /home/mehul-rathore/ros2_ws/install/ur_calibration/share/ur_calibration/cmake/ur_calibrationConfig.cmake
[36.433s] -- Symlinking: /home/mehul-rathore/ros2_ws/install/ur_calibration/share/ur_calibration/cmake/ur_calibrationConfig-version.cmake
[36.449s] -- Symlinking: /home/mehul-rathore/ros2_ws/install/ur_calibration/share/ur_calibration/package.xml
[36.478s] Invoked command in '/home/mehul-rathore/ros2_ws/build/ur_calibration' returned '0': AMENT_PREFIX_PATH=/home/mehul-rathore/ros2_ws/install/ur_robot_driver:/home/mehul-rathore/ros2_ws/install/ur_controllers:/home/mehul-rathore/ros2_ws/install/ur_dashboard_msgs:${AMENT_PREFIX_PATH} CMAKE_PREFIX_PATH=/home/mehul-rathore/ros2_ws/install/ur_robot_driver:/home/mehul-rathore/ros2_ws/install/ur_controllers:/home/mehul-rathore/ros2_ws/install/ur_description:/home/mehul-rathore/ros2_ws/install/ur_dashboard_msgs:/opt/ros/jazzy/opt/gz_sim_vendor:/opt/ros/jazzy/opt/gz_sensors_vendor:/opt/ros/jazzy/opt/gz_physics_vendor:/opt/ros/jazzy/opt/sdformat_vendor:/opt/ros/jazzy/opt/gz_gui_vendor:/opt/ros/jazzy/opt/gz_transport_vendor:/opt/ros/jazzy/opt/gz_rendering_vendor:/opt/ros/jazzy/opt/gz_plugin_vendor:/opt/ros/jazzy/opt/gz_fuel_tools_vendor:/opt/ros/jazzy/opt/gz_msgs_vendor:/opt/ros/jazzy/opt/gz_common_vendor:/opt/ros/jazzy/opt/gz_math_vendor:/opt/ros/jazzy/opt/gz_utils_vendor:/opt/ros/jazzy/opt/gz_tools_vendor:/opt/ros/jazzy/opt/gz_ogre_next_vendor:/opt/ros/jazzy/opt/gz_dartsim_vendor:/opt/ros/jazzy/opt/gz_cmake_vendor:/opt/ros/jazzy DEBUGINFOD_URLS=https://debuginfod.ubuntu.com LD_LIBRARY_PATH=/home/mehul-rathore/ros2_ws/install/ur_robot_driver/lib:/home/mehul-rathore/ros2_ws/install/ur_controllers/lib:/home/mehul-rathore/ros2_ws/install/ur_dashboard_msgs/lib:${LD_LIBRARY_PATH} PATH=/home/mehul-rathore/ros2_ws/install/ur_robot_driver/bin:${PATH} PYTHONPATH=/home/mehul-rathore/ros2_ws/install/ur_robot_driver/lib/python3.12/site-packages:/home/mehul-rathore/ros2_ws/install/ur_dashboard_msgs/lib/python3.12/site-packages:${PYTHONPATH} /usr/bin/cmake --install /home/mehul-rathore/ros2_ws/build/ur_calibration
