[0.025s] Invoking command in '/home/mehul-rathore/ros2_ws/build/ur_robot_driver': AMENT_PREFIX_PATH=/home/mehul-rathore/ros2_ws/install/ur_controllers:/home/mehul-rathore/ros2_ws/install/ur_description:/home/mehul-rathore/ros2_ws/install/ur_dashboard_msgs:${AMENT_PREFIX_PATH} CMAKE_PREFIX_PATH=/home/mehul-rathore/ros2_ws/install/ur_controllers:/home/mehul-rathore/ros2_ws/install/ur_description:/home/mehul-rathore/ros2_ws/install/ur_dashboard_msgs:/opt/ros/jazzy/opt/gz_sim_vendor:/opt/ros/jazzy/opt/gz_sensors_vendor:/opt/ros/jazzy/opt/gz_physics_vendor:/opt/ros/jazzy/opt/sdformat_vendor:/opt/ros/jazzy/opt/gz_gui_vendor:/opt/ros/jazzy/opt/gz_transport_vendor:/opt/ros/jazzy/opt/gz_rendering_vendor:/opt/ros/jazzy/opt/gz_plugin_vendor:/opt/ros/jazzy/opt/gz_fuel_tools_vendor:/opt/ros/jazzy/opt/gz_msgs_vendor:/opt/ros/jazzy/opt/gz_common_vendor:/opt/ros/jazzy/opt/gz_math_vendor:/opt/ros/jazzy/opt/gz_utils_vendor:/opt/ros/jazzy/opt/gz_tools_vendor:/opt/ros/jazzy/opt/gz_ogre_next_vendor:/opt/ros/jazzy/opt/gz_dartsim_vendor:/opt/ros/jazzy/opt/gz_cmake_vendor:/opt/ros/jazzy DEBUGINFOD_URLS=https://debuginfod.ubuntu.com LD_LIBRARY_PATH=/home/mehul-rathore/ros2_ws/install/ur_controllers/lib:/home/mehul-rathore/ros2_ws/install/ur_dashboard_msgs/lib:${LD_LIBRARY_PATH} PYTHONPATH=/home/mehul-rathore/ros2_ws/install/ur_dashboard_msgs/lib/python3.12/site-packages:${PYTHONPATH} /usr/bin/cmake --build /home/mehul-rathore/ros2_ws/build/ur_robot_driver -- -j6 -l6
[0.129s] [ 15%] Built target controller_stopper_node
[0.146s] [ 25%] Built target urscript_interface
[0.148s] [ 35%] Built target trajectory_until_node
[0.151s] [ 60%] Built target ur_robot_driver_plugin
[0.156s] [ 80%] Built target robot_state_helper
[0.157s] [100%] Built target dashboard_client
[0.189s] [100%] Built target ament_cmake_python_symlink_ur_robot_driver
[0.393s] running egg_info
[0.409s] writing ur_robot_driver.egg-info/PKG-INFO
[0.410s] writing dependency_links to ur_robot_driver.egg-info/dependency_links.txt
[0.410s] writing top-level names to ur_robot_driver.egg-info/top_level.txt
[0.455s] reading manifest file 'ur_robot_driver.egg-info/SOURCES.txt'
[0.455s] writing manifest file 'ur_robot_driver.egg-info/SOURCES.txt'
[0.490s] [100%] Built target ament_cmake_python_build_ur_robot_driver_egg
[0.504s] Invoked command in '/home/mehul-rathore/ros2_ws/build/ur_robot_driver' returned '0': AMENT_PREFIX_PATH=/home/mehul-rathore/ros2_ws/install/ur_controllers:/home/mehul-rathore/ros2_ws/install/ur_description:/home/mehul-rathore/ros2_ws/install/ur_dashboard_msgs:${AMENT_PREFIX_PATH} CMAKE_PREFIX_PATH=/home/mehul-rathore/ros2_ws/install/ur_controllers:/home/mehul-rathore/ros2_ws/install/ur_description:/home/mehul-rathore/ros2_ws/install/ur_dashboard_msgs:/opt/ros/jazzy/opt/gz_sim_vendor:/opt/ros/jazzy/opt/gz_sensors_vendor:/opt/ros/jazzy/opt/gz_physics_vendor:/opt/ros/jazzy/opt/sdformat_vendor:/opt/ros/jazzy/opt/gz_gui_vendor:/opt/ros/jazzy/opt/gz_transport_vendor:/opt/ros/jazzy/opt/gz_rendering_vendor:/opt/ros/jazzy/opt/gz_plugin_vendor:/opt/ros/jazzy/opt/gz_fuel_tools_vendor:/opt/ros/jazzy/opt/gz_msgs_vendor:/opt/ros/jazzy/opt/gz_common_vendor:/opt/ros/jazzy/opt/gz_math_vendor:/opt/ros/jazzy/opt/gz_utils_vendor:/opt/ros/jazzy/opt/gz_tools_vendor:/opt/ros/jazzy/opt/gz_ogre_next_vendor:/opt/ros/jazzy/opt/gz_dartsim_vendor:/opt/ros/jazzy/opt/gz_cmake_vendor:/opt/ros/jazzy DEBUGINFOD_URLS=https://debuginfod.ubuntu.com LD_LIBRARY_PATH=/home/mehul-rathore/ros2_ws/install/ur_controllers/lib:/home/mehul-rathore/ros2_ws/install/ur_dashboard_msgs/lib:${LD_LIBRARY_PATH} PYTHONPATH=/home/mehul-rathore/ros2_ws/install/ur_dashboard_msgs/lib/python3.12/site-packages:${PYTHONPATH} /usr/bin/cmake --build /home/mehul-rathore/ros2_ws/build/ur_robot_driver -- -j6 -l6
[0.505s] Invoking command in '/home/mehul-rathore/ros2_ws/build/ur_robot_driver': AMENT_PREFIX_PATH=/home/mehul-rathore/ros2_ws/install/ur_controllers:/home/mehul-rathore/ros2_ws/install/ur_description:/home/mehul-rathore/ros2_ws/install/ur_dashboard_msgs:${AMENT_PREFIX_PATH} CMAKE_PREFIX_PATH=/home/mehul-rathore/ros2_ws/install/ur_controllers:/home/mehul-rathore/ros2_ws/install/ur_description:/home/mehul-rathore/ros2_ws/install/ur_dashboard_msgs:/opt/ros/jazzy/opt/gz_sim_vendor:/opt/ros/jazzy/opt/gz_sensors_vendor:/opt/ros/jazzy/opt/gz_physics_vendor:/opt/ros/jazzy/opt/sdformat_vendor:/opt/ros/jazzy/opt/gz_gui_vendor:/opt/ros/jazzy/opt/gz_transport_vendor:/opt/ros/jazzy/opt/gz_rendering_vendor:/opt/ros/jazzy/opt/gz_plugin_vendor:/opt/ros/jazzy/opt/gz_fuel_tools_vendor:/opt/ros/jazzy/opt/gz_msgs_vendor:/opt/ros/jazzy/opt/gz_common_vendor:/opt/ros/jazzy/opt/gz_math_vendor:/opt/ros/jazzy/opt/gz_utils_vendor:/opt/ros/jazzy/opt/gz_tools_vendor:/opt/ros/jazzy/opt/gz_ogre_next_vendor:/opt/ros/jazzy/opt/gz_dartsim_vendor:/opt/ros/jazzy/opt/gz_cmake_vendor:/opt/ros/jazzy DEBUGINFOD_URLS=https://debuginfod.ubuntu.com LD_LIBRARY_PATH=/home/mehul-rathore/ros2_ws/install/ur_controllers/lib:/home/mehul-rathore/ros2_ws/install/ur_dashboard_msgs/lib:${LD_LIBRARY_PATH} PYTHONPATH=/home/mehul-rathore/ros2_ws/install/ur_dashboard_msgs/lib/python3.12/site-packages:${PYTHONPATH} /usr/bin/cmake --install /home/mehul-rathore/ros2_ws/build/ur_robot_driver
[0.516s] -- Install configuration: "RelWithDebInfo"
[0.516s] -- Execute custom install script
[0.517s] -- Up-to-date symlink: /home/mehul-rathore/ros2_ws/install/ur_robot_driver/share/ur_robot_driver//hardware_interface_plugin.xml
[0.519s] -- Up-to-date symlink: /home/mehul-rathore/ros2_ws/install/ur_robot_driver/lib/ur_robot_driver/dashboard_client
[0.519s] -- Up-to-date symlink: /home/mehul-rathore/ros2_ws/install/ur_robot_driver/lib/ur_robot_driver/controller_stopper_node
[0.519s] -- Up-to-date symlink: /home/mehul-rathore/ros2_ws/install/ur_robot_driver/lib/ur_robot_driver/urscript_interface
[0.519s] -- Up-to-date symlink: /home/mehul-rathore/ros2_ws/install/ur_robot_driver/lib/ur_robot_driver/robot_state_helper
[0.519s] -- Up-to-date symlink: /home/mehul-rathore/ros2_ws/install/ur_robot_driver/lib/ur_robot_driver/trajectory_until_node
[0.520s] -- Up-to-date symlink: /home/mehul-rathore/ros2_ws/install/ur_robot_driver/lib/libur_robot_driver_plugin.so
[0.520s] -- Up-to-date symlink: /home/mehul-rathore/ros2_ws/install/ur_robot_driver/include/ur_robot_driver/controller_stopper.hpp
[0.520s] -- Up-to-date symlink: /home/mehul-rathore/ros2_ws/install/ur_robot_driver/include/ur_robot_driver/dashboard_client_ros.hpp
[0.520s] -- Up-to-date symlink: /home/mehul-rathore/ros2_ws/install/ur_robot_driver/include/ur_robot_driver/hardware_interface.hpp
[0.520s] -- Up-to-date symlink: /home/mehul-rathore/ros2_ws/install/ur_robot_driver/include/ur_robot_driver/robot_state_helper.hpp
[0.520s] -- Up-to-date symlink: /home/mehul-rathore/ros2_ws/install/ur_robot_driver/include/ur_robot_driver/trajectory_until_node.hpp
[0.521s] -- Up-to-date symlink: /home/mehul-rathore/ros2_ws/install/ur_robot_driver/include/ur_robot_driver/urcl_log_handler.hpp
[0.521s] -- Up-to-date symlink: /home/mehul-rathore/ros2_ws/install/ur_robot_driver/share/ur_robot_driver/environment/library_path.sh
[0.521s] -- Up-to-date symlink: /home/mehul-rathore/ros2_ws/install/ur_robot_driver/share/ur_robot_driver/environment/library_path.dsv
[0.521s] -- Up-to-date symlink: /home/mehul-rathore/ros2_ws/install/ur_robot_driver/include/ur_robot_driver/controller_stopper.hpp
[0.521s] -- Up-to-date symlink: /home/mehul-rathore/ros2_ws/install/ur_robot_driver/include/ur_robot_driver/dashboard_client_ros.hpp
[0.521s] -- Up-to-date symlink: /home/mehul-rathore/ros2_ws/install/ur_robot_driver/include/ur_robot_driver/hardware_interface.hpp
[0.521s] -- Up-to-date symlink: /home/mehul-rathore/ros2_ws/install/ur_robot_driver/include/ur_robot_driver/robot_state_helper.hpp
[0.521s] -- Up-to-date symlink: /home/mehul-rathore/ros2_ws/install/ur_robot_driver/include/ur_robot_driver/trajectory_until_node.hpp
[0.521s] -- Up-to-date symlink: /home/mehul-rathore/ros2_ws/install/ur_robot_driver/include/ur_robot_driver/urcl_log_handler.hpp
[0.522s] -- Up-to-date symlink: /home/mehul-rathore/ros2_ws/install/ur_robot_driver/share/ur_robot_driver/environment/pythonpath.sh
[0.522s] -- Up-to-date symlink: /home/mehul-rathore/ros2_ws/install/ur_robot_driver/share/ur_robot_driver/environment/pythonpath.dsv
[0.522s] -- Up-to-date symlink: /home/mehul-rathore/ros2_ws/install/ur_robot_driver/lib/python3.12/site-packages/ur_robot_driver-3.8.0-py3.12.egg-info/PKG-INFO
[0.522s] -- Up-to-date symlink: /home/mehul-rathore/ros2_ws/install/ur_robot_driver/lib/python3.12/site-packages/ur_robot_driver-3.8.0-py3.12.egg-info/SOURCES.txt
[0.523s] -- Up-to-date symlink: /home/mehul-rathore/ros2_ws/install/ur_robot_driver/lib/python3.12/site-packages/ur_robot_driver-3.8.0-py3.12.egg-info/dependency_links.txt
[0.523s] -- Up-to-date symlink: /home/mehul-rathore/ros2_ws/install/ur_robot_driver/lib/python3.12/site-packages/ur_robot_driver-3.8.0-py3.12.egg-info/top_level.txt
[0.523s] -- Up-to-date symlink: /home/mehul-rathore/ros2_ws/install/ur_robot_driver/lib/python3.12/site-packages/ur_robot_driver/__init__.py
[0.523s] -- Up-to-date symlink: /home/mehul-rathore/ros2_ws/install/ur_robot_driver/lib/ur_robot_driver/tool_communication.py
[0.523s] -- Up-to-date symlink: /home/mehul-rathore/ros2_ws/install/ur_robot_driver/lib/ur_robot_driver/wait_for_robot_description
[0.523s] -- Up-to-date symlink: /home/mehul-rathore/ros2_ws/install/ur_robot_driver/lib/ur_robot_driver/example_move.py
[0.523s] -- Up-to-date symlink: /home/mehul-rathore/ros2_ws/install/ur_robot_driver/lib/ur_robot_driver/start_ursim.sh
[0.524s] -- Up-to-date symlink: /home/mehul-rathore/ros2_ws/install/ur_robot_driver/lib/ur_robot_driver/examples.py
[0.524s] -- Up-to-date symlink: /home/mehul-rathore/ros2_ws/install/ur_robot_driver/lib/ur_robot_driver/force_mode.py
[0.524s] -- Up-to-date symlink: /home/mehul-rathore/ros2_ws/install/ur_robot_driver/lib/ur_robot_driver/move_until_example.py
[0.524s] -- Up-to-date symlink: /home/mehul-rathore/ros2_ws/install/ur_robot_driver/bin/wait_dashboard_server.sh
[0.524s] -- Up-to-date symlink: /home/mehul-rathore/ros2_ws/install/ur_robot_driver/share/ur_robot_driver/config/test_goal_publishers_config.yaml
[0.524s] -- Up-to-date symlink: /home/mehul-rathore/ros2_ws/install/ur_robot_driver/share/ur_robot_driver/config/test_velocity_goal_publishers_config.yaml
[0.524s] -- Up-to-date symlink: /home/mehul-rathore/ros2_ws/install/ur_robot_driver/share/ur_robot_driver/config/ur10_update_rate.yaml
[0.524s] -- Up-to-date symlink: /home/mehul-rathore/ros2_ws/install/ur_robot_driver/share/ur_robot_driver/config/ur10e_update_rate.yaml
[0.525s] -- Up-to-date symlink: /home/mehul-rathore/ros2_ws/install/ur_robot_driver/share/ur_robot_driver/config/ur12e_update_rate.yaml
[0.525s] -- Up-to-date symlink: /home/mehul-rathore/ros2_ws/install/ur_robot_driver/share/ur_robot_driver/config/ur15_update_rate.yaml
[0.525s] -- Up-to-date symlink: /home/mehul-rathore/ros2_ws/install/ur_robot_driver/share/ur_robot_driver/config/ur16e_update_rate.yaml
[0.525s] -- Up-to-date symlink: /home/mehul-rathore/ros2_ws/install/ur_robot_driver/share/ur_robot_driver/config/ur18_update_rate.yaml
[0.525s] -- Up-to-date symlink: /home/mehul-rathore/ros2_ws/install/ur_robot_driver/share/ur_robot_driver/config/ur20_update_rate.yaml
[0.525s] -- Up-to-date symlink: /home/mehul-rathore/ros2_ws/install/ur_robot_driver/share/ur_robot_driver/config/ur30_update_rate.yaml
[0.525s] -- Up-to-date symlink: /home/mehul-rathore/ros2_ws/install/ur_robot_driver/share/ur_robot_driver/config/ur3_update_rate.yaml
[0.525s] -- Up-to-date symlink: /home/mehul-rathore/ros2_ws/install/ur_robot_driver/share/ur_robot_driver/config/ur3e_update_rate.yaml
[0.525s] -- Up-to-date symlink: /home/mehul-rathore/ros2_ws/install/ur_robot_driver/share/ur_robot_driver/config/ur5_update_rate.yaml
[0.525s] -- Up-to-date symlink: /home/mehul-rathore/ros2_ws/install/ur_robot_driver/share/ur_robot_driver/config/ur5e_update_rate.yaml
[0.526s] -- Up-to-date symlink: /home/mehul-rathore/ros2_ws/install/ur_robot_driver/share/ur_robot_driver/config/ur7e_update_rate.yaml
[0.526s] -- Up-to-date symlink: /home/mehul-rathore/ros2_ws/install/ur_robot_driver/share/ur_robot_driver/config/ur8long_update_rate.yaml
[0.526s] -- Up-to-date symlink: /home/mehul-rathore/ros2_ws/install/ur_robot_driver/share/ur_robot_driver/config/ur_controllers.yaml
[0.526s] -- Up-to-date symlink: /home/mehul-rathore/ros2_ws/install/ur_robot_driver/share/ur_robot_driver/launch/test_forward_velocity_controller.launch.py
[0.526s] -- Up-to-date symlink: /home/mehul-rathore/ros2_ws/install/ur_robot_driver/share/ur_robot_driver/launch/test_joint_trajectory_controller.launch.py
[0.526s] -- Up-to-date symlink: /home/mehul-rathore/ros2_ws/install/ur_robot_driver/share/ur_robot_driver/launch/test_scaled_joint_trajectory_controller.launch.py
[0.526s] -- Up-to-date symlink: /home/mehul-rathore/ros2_ws/install/ur_robot_driver/share/ur_robot_driver/launch/ur10.launch.py
[0.526s] -- Up-to-date symlink: /home/mehul-rathore/ros2_ws/install/ur_robot_driver/share/ur_robot_driver/launch/ur10e.launch.py
[0.526s] -- Up-to-date symlink: /home/mehul-rathore/ros2_ws/install/ur_robot_driver/share/ur_robot_driver/launch/ur12e.launch.py
[0.527s] -- Up-to-date symlink: /home/mehul-rathore/ros2_ws/install/ur_robot_driver/share/ur_robot_driver/launch/ur15.launch.py
[0.527s] -- Up-to-date symlink: /home/mehul-rathore/ros2_ws/install/ur_robot_driver/share/ur_robot_driver/launch/ur16e.launch.py
[0.527s] -- Up-to-date symlink: /home/mehul-rathore/ros2_ws/install/ur_robot_driver/share/ur_robot_driver/launch/ur18.launch.py
[0.527s] -- Up-to-date symlink: /home/mehul-rathore/ros2_ws/install/ur_robot_driver/share/ur_robot_driver/launch/ur20.launch.py
[0.527s] -- Up-to-date symlink: /home/mehul-rathore/ros2_ws/install/ur_robot_driver/share/ur_robot_driver/launch/ur3.launch.py
[0.527s] -- Up-to-date symlink: /home/mehul-rathore/ros2_ws/install/ur_robot_driver/share/ur_robot_driver/launch/ur30.launch.py
[0.527s] -- Up-to-date symlink: /home/mehul-rathore/ros2_ws/install/ur_robot_driver/share/ur_robot_driver/launch/ur3e.launch.py
[0.527s] -- Up-to-date symlink: /home/mehul-rathore/ros2_ws/install/ur_robot_driver/share/ur_robot_driver/launch/ur5.launch.py
[0.527s] -- Up-to-date symlink: /home/mehul-rathore/ros2_ws/install/ur_robot_driver/share/ur_robot_driver/launch/ur5e.launch.py
[0.527s] -- Up-to-date symlink: /home/mehul-rathore/ros2_ws/install/ur_robot_driver/share/ur_robot_driver/launch/ur7e.launch.py
[0.527s] -- Up-to-date symlink: /home/mehul-rathore/ros2_ws/install/ur_robot_driver/share/ur_robot_driver/launch/ur8long.launch.py
[0.527s] -- Up-to-date symlink: /home/mehul-rathore/ros2_ws/install/ur_robot_driver/share/ur_robot_driver/launch/ur_control.launch.py
[0.527s] -- Up-to-date symlink: /home/mehul-rathore/ros2_ws/install/ur_robot_driver/share/ur_robot_driver/launch/ur_dashboard_client.launch.py
[0.527s] -- Up-to-date symlink: /home/mehul-rathore/ros2_ws/install/ur_robot_driver/share/ur_robot_driver/launch/ur_rsp.launch.py
[0.527s] -- Up-to-date symlink: /home/mehul-rathore/ros2_ws/install/ur_robot_driver/share/ur_robot_driver/urdf/ur.ros2_control.xacro
[0.528s] -- Up-to-date symlink: /home/mehul-rathore/ros2_ws/install/ur_robot_driver/share/ur_robot_driver/urdf/ur.urdf.xacro
[0.528s] -- Up-to-date symlink: /home/mehul-rathore/ros2_ws/install/ur_robot_driver/share/ament_index/resource_index/package_run_dependencies/ur_robot_driver
[0.528s] -- Up-to-date symlink: /home/mehul-rathore/ros2_ws/install/ur_robot_driver/share/ament_index/resource_index/parent_prefix_path/ur_robot_driver
[0.528s] -- Up-to-date symlink: /home/mehul-rathore/ros2_ws/install/ur_robot_driver/share/ur_robot_driver/environment/ament_prefix_path.sh
[0.528s] -- Up-to-date symlink: /home/mehul-rathore/ros2_ws/install/ur_robot_driver/share/ur_robot_driver/environment/ament_prefix_path.dsv
[0.528s] -- Up-to-date symlink: /home/mehul-rathore/ros2_ws/install/ur_robot_driver/share/ur_robot_driver/environment/path.sh
[0.528s] -- Up-to-date symlink: /home/mehul-rathore/ros2_ws/install/ur_robot_driver/share/ur_robot_driver/environment/path.dsv
[0.528s] -- Up-to-date symlink: /home/mehul-rathore/ros2_ws/install/ur_robot_driver/share/ur_robot_driver/local_setup.bash
[0.528s] -- Up-to-date symlink: /home/mehul-rathore/ros2_ws/install/ur_robot_driver/share/ur_robot_driver/local_setup.sh
[0.528s] -- Up-to-date symlink: /home/mehul-rathore/ros2_ws/install/ur_robot_driver/share/ur_robot_driver/local_setup.zsh
[0.528s] -- Up-to-date symlink: /home/mehul-rathore/ros2_ws/install/ur_robot_driver/share/ur_robot_driver/local_setup.dsv
[0.528s] -- Symlinking: /home/mehul-rathore/ros2_ws/install/ur_robot_driver/share/ur_robot_driver/package.dsv
[0.538s] -- Up-to-date symlink: /home/mehul-rathore/ros2_ws/install/ur_robot_driver/share/ament_index/resource_index/packages/ur_robot_driver
[0.538s] -- Up-to-date symlink: /home/mehul-rathore/ros2_ws/install/ur_robot_driver/share/ament_index/resource_index/hardware_interface__pluginlib__plugin/ur_robot_driver
[0.538s] -- Up-to-date symlink: /home/mehul-rathore/ros2_ws/install/ur_robot_driver/share/ur_robot_driver/cmake/ament_cmake_export_include_directories-extras.cmake
[0.538s] -- Up-to-date symlink: /home/mehul-rathore/ros2_ws/install/ur_robot_driver/share/ur_robot_driver/cmake/ament_cmake_export_libraries-extras.cmake
[0.538s] -- Up-to-date symlink: /home/mehul-rathore/ros2_ws/install/ur_robot_driver/share/ur_robot_driver/cmake/ament_cmake_export_dependencies-extras.cmake
[0.539s] -- Up-to-date symlink: /home/mehul-rathore/ros2_ws/install/ur_robot_driver/share/ur_robot_driver/cmake/ur_robot_driverConfig.cmake
[0.539s] -- Up-to-date symlink: /home/mehul-rathore/ros2_ws/install/ur_robot_driver/share/ur_robot_driver/cmake/ur_robot_driverConfig-version.cmake
[0.539s] -- Up-to-date symlink: /home/mehul-rathore/ros2_ws/install/ur_robot_driver/share/ur_robot_driver/package.xml
[0.539s] -- Up-to-date: /home/mehul-rathore/ros2_ws/install/ur_robot_driver/share/ur_robot_driver/resources
[0.539s] -- Up-to-date: /home/mehul-rathore/ros2_ws/install/ur_robot_driver/share/ur_robot_driver/resources/rtde_output_recipe.txt
[0.539s] -- Up-to-date: /home/mehul-rathore/ros2_ws/install/ur_robot_driver/share/ur_robot_driver/resources/rs485-1.0.urcap
[0.539s] -- Up-to-date: /home/mehul-rathore/ros2_ws/install/ur_robot_driver/share/ur_robot_driver/resources/externalcontrol-1.0.5.urcap
[0.539s] -- Up-to-date: /home/mehul-rathore/ros2_ws/install/ur_robot_driver/share/ur_robot_driver/resources/rtde_input_recipe.txt
[0.574s] Listing '/home/mehul-rathore/ros2_ws/install/ur_robot_driver/lib/python3.12/site-packages/ur_robot_driver'...
[0.585s] Invoked command in '/home/mehul-rathore/ros2_ws/build/ur_robot_driver' returned '0': AMENT_PREFIX_PATH=/home/mehul-rathore/ros2_ws/install/ur_controllers:/home/mehul-rathore/ros2_ws/install/ur_description:/home/mehul-rathore/ros2_ws/install/ur_dashboard_msgs:${AMENT_PREFIX_PATH} CMAKE_PREFIX_PATH=/home/mehul-rathore/ros2_ws/install/ur_controllers:/home/mehul-rathore/ros2_ws/install/ur_description:/home/mehul-rathore/ros2_ws/install/ur_dashboard_msgs:/opt/ros/jazzy/opt/gz_sim_vendor:/opt/ros/jazzy/opt/gz_sensors_vendor:/opt/ros/jazzy/opt/gz_physics_vendor:/opt/ros/jazzy/opt/sdformat_vendor:/opt/ros/jazzy/opt/gz_gui_vendor:/opt/ros/jazzy/opt/gz_transport_vendor:/opt/ros/jazzy/opt/gz_rendering_vendor:/opt/ros/jazzy/opt/gz_plugin_vendor:/opt/ros/jazzy/opt/gz_fuel_tools_vendor:/opt/ros/jazzy/opt/gz_msgs_vendor:/opt/ros/jazzy/opt/gz_common_vendor:/opt/ros/jazzy/opt/gz_math_vendor:/opt/ros/jazzy/opt/gz_utils_vendor:/opt/ros/jazzy/opt/gz_tools_vendor:/opt/ros/jazzy/opt/gz_ogre_next_vendor:/opt/ros/jazzy/opt/gz_dartsim_vendor:/opt/ros/jazzy/opt/gz_cmake_vendor:/opt/ros/jazzy DEBUGINFOD_URLS=https://debuginfod.ubuntu.com LD_LIBRARY_PATH=/home/mehul-rathore/ros2_ws/install/ur_controllers/lib:/home/mehul-rathore/ros2_ws/install/ur_dashboard_msgs/lib:${LD_LIBRARY_PATH} PYTHONPATH=/home/mehul-rathore/ros2_ws/install/ur_dashboard_msgs/lib/python3.12/site-packages:${PYTHONPATH} /usr/bin/cmake --install /home/mehul-rathore/ros2_ws/build/ur_robot_driver
