[0.017s] Invoking command in '/home/mehul-rathore/ros2_ws/build/ur_moveit_config': AMENT_PREFIX_PATH=/home/mehul-rathore/ros2_ws/install/ur_description:${AMENT_PREFIX_PATH} CMAKE_PREFIX_PATH=/home/mehul-rathore/ros2_ws/install/ur_description:/opt/ros/jazzy/opt/gz_sim_vendor:/opt/ros/jazzy/opt/gz_sensors_vendor:/opt/ros/jazzy/opt/gz_physics_vendor:/opt/ros/jazzy/opt/sdformat_vendor:/opt/ros/jazzy/opt/gz_gui_vendor:/opt/ros/jazzy/opt/gz_transport_vendor:/opt/ros/jazzy/opt/gz_rendering_vendor:/opt/ros/jazzy/opt/gz_plugin_vendor:/opt/ros/jazzy/opt/gz_fuel_tools_vendor:/opt/ros/jazzy/opt/gz_msgs_vendor:/opt/ros/jazzy/opt/gz_common_vendor:/opt/ros/jazzy/opt/gz_math_vendor:/opt/ros/jazzy/opt/gz_utils_vendor:/opt/ros/jazzy/opt/gz_tools_vendor:/opt/ros/jazzy/opt/gz_ogre_next_vendor:/opt/ros/jazzy/opt/gz_dartsim_vendor:/opt/ros/jazzy/opt/gz_cmake_vendor:/opt/ros/jazzy DEBUGINFOD_URLS=https://debuginfod.ubuntu.com /usr/bin/cmake --build /home/mehul-rathore/ros2_ws/build/ur_moveit_config -- -j6 -l6
[0.099s] Invoked command in '/home/mehul-rathore/ros2_ws/build/ur_moveit_config' returned '0': AMENT_PREFIX_PATH=/home/mehul-rathore/ros2_ws/install/ur_description:${AMENT_PREFIX_PATH} CMAKE_PREFIX_PATH=/home/mehul-rathore/ros2_ws/install/ur_description:/opt/ros/jazzy/opt/gz_sim_vendor:/opt/ros/jazzy/opt/gz_sensors_vendor:/opt/ros/jazzy/opt/gz_physics_vendor:/opt/ros/jazzy/opt/sdformat_vendor:/opt/ros/jazzy/opt/gz_gui_vendor:/opt/ros/jazzy/opt/gz_transport_vendor:/opt/ros/jazzy/opt/gz_rendering_vendor:/opt/ros/jazzy/opt/gz_plugin_vendor:/opt/ros/jazzy/opt/gz_fuel_tools_vendor:/opt/ros/jazzy/opt/gz_msgs_vendor:/opt/ros/jazzy/opt/gz_common_vendor:/opt/ros/jazzy/opt/gz_math_vendor:/opt/ros/jazzy/opt/gz_utils_vendor:/opt/ros/jazzy/opt/gz_tools_vendor:/opt/ros/jazzy/opt/gz_ogre_next_vendor:/opt/ros/jazzy/opt/gz_dartsim_vendor:/opt/ros/jazzy/opt/gz_cmake_vendor:/opt/ros/jazzy DEBUGINFOD_URLS=https://debuginfod.ubuntu.com /usr/bin/cmake --build /home/mehul-rathore/ros2_ws/build/ur_moveit_config -- -j6 -l6
[0.104s] Invoking command in '/home/mehul-rathore/ros2_ws/build/ur_moveit_config': AMENT_PREFIX_PATH=/home/mehul-rathore/ros2_ws/install/ur_description:${AMENT_PREFIX_PATH} CMAKE_PREFIX_PATH=/home/mehul-rathore/ros2_ws/install/ur_description:/opt/ros/jazzy/opt/gz_sim_vendor:/opt/ros/jazzy/opt/gz_sensors_vendor:/opt/ros/jazzy/opt/gz_physics_vendor:/opt/ros/jazzy/opt/sdformat_vendor:/opt/ros/jazzy/opt/gz_gui_vendor:/opt/ros/jazzy/opt/gz_transport_vendor:/opt/ros/jazzy/opt/gz_rendering_vendor:/opt/ros/jazzy/opt/gz_plugin_vendor:/opt/ros/jazzy/opt/gz_fuel_tools_vendor:/opt/ros/jazzy/opt/gz_msgs_vendor:/opt/ros/jazzy/opt/gz_common_vendor:/opt/ros/jazzy/opt/gz_math_vendor:/opt/ros/jazzy/opt/gz_utils_vendor:/opt/ros/jazzy/opt/gz_tools_vendor:/opt/ros/jazzy/opt/gz_ogre_next_vendor:/opt/ros/jazzy/opt/gz_dartsim_vendor:/opt/ros/jazzy/opt/gz_cmake_vendor:/opt/ros/jazzy DEBUGINFOD_URLS=https://debuginfod.ubuntu.com /usr/bin/cmake --install /home/mehul-rathore/ros2_ws/build/ur_moveit_config
[0.116s] -- Install configuration: ""
[0.117s] -- Execute custom install script
[0.118s] -- Up-to-date symlink: /home/mehul-rathore/ros2_ws/install/ur_moveit_config/share/ament_index/resource_index/package_run_dependencies/ur_moveit_config
[0.120s] -- Up-to-date symlink: /home/mehul-rathore/ros2_ws/install/ur_moveit_config/share/ament_index/resource_index/parent_prefix_path/ur_moveit_config
[0.120s] -- Up-to-date symlink: /home/mehul-rathore/ros2_ws/install/ur_moveit_config/share/ur_moveit_config/environment/ament_prefix_path.sh
[0.120s] -- Up-to-date symlink: /home/mehul-rathore/ros2_ws/install/ur_moveit_config/share/ur_moveit_config/environment/ament_prefix_path.dsv
[0.120s] -- Up-to-date symlink: /home/mehul-rathore/ros2_ws/install/ur_moveit_config/share/ur_moveit_config/environment/path.sh
[0.120s] -- Up-to-date symlink: /home/mehul-rathore/ros2_ws/install/ur_moveit_config/share/ur_moveit_config/environment/path.dsv
[0.121s] -- Up-to-date symlink: /home/mehul-rathore/ros2_ws/install/ur_moveit_config/share/ur_moveit_config/local_setup.bash
[0.121s] -- Up-to-date symlink: /home/mehul-rathore/ros2_ws/install/ur_moveit_config/share/ur_moveit_config/local_setup.sh
[0.121s] -- Up-to-date symlink: /home/mehul-rathore/ros2_ws/install/ur_moveit_config/share/ur_moveit_config/local_setup.zsh
[0.121s] -- Up-to-date symlink: /home/mehul-rathore/ros2_ws/install/ur_moveit_config/share/ur_moveit_config/local_setup.dsv
[0.121s] -- Symlinking: /home/mehul-rathore/ros2_ws/install/ur_moveit_config/share/ur_moveit_config/package.dsv
[0.134s] -- Up-to-date symlink: /home/mehul-rathore/ros2_ws/install/ur_moveit_config/share/ament_index/resource_index/packages/ur_moveit_config
[0.134s] -- Up-to-date symlink: /home/mehul-rathore/ros2_ws/install/ur_moveit_config/share/ur_moveit_config/cmake/ur_moveit_configConfig.cmake
[0.134s] -- Up-to-date symlink: /home/mehul-rathore/ros2_ws/install/ur_moveit_config/share/ur_moveit_config/cmake/ur_moveit_configConfig-version.cmake
[0.134s] -- Up-to-date symlink: /home/mehul-rathore/ros2_ws/install/ur_moveit_config/share/ur_moveit_config/package.xml
[0.135s] -- Up-to-date symlink: /home/mehul-rathore/ros2_ws/install/ur_moveit_config/share/ur_moveit_config/config/chomp_planning.yaml
[0.136s] -- Up-to-date symlink: /home/mehul-rathore/ros2_ws/install/ur_moveit_config/share/ur_moveit_config/config/joint_limits.yaml
[0.136s] -- Up-to-date symlink: /home/mehul-rathore/ros2_ws/install/ur_moveit_config/share/ur_moveit_config/config/kinematics.yaml
[0.136s] -- Up-to-date symlink: /home/mehul-rathore/ros2_ws/install/ur_moveit_config/share/ur_moveit_config/config/moveit.rviz
[0.136s] -- Up-to-date symlink: /home/mehul-rathore/ros2_ws/install/ur_moveit_config/share/ur_moveit_config/config/moveit_controllers.yaml
[0.137s] -- Up-to-date symlink: /home/mehul-rathore/ros2_ws/install/ur_moveit_config/share/ur_moveit_config/config/ompl_planning.yaml
[0.137s] -- Up-to-date symlink: /home/mehul-rathore/ros2_ws/install/ur_moveit_config/share/ur_moveit_config/config/pilz_cartesian_limits.yaml
[0.137s] -- Up-to-date symlink: /home/mehul-rathore/ros2_ws/install/ur_moveit_config/share/ur_moveit_config/config/pilz_industrial_motion_planner_planning.yaml
[0.137s] -- Up-to-date symlink: /home/mehul-rathore/ros2_ws/install/ur_moveit_config/share/ur_moveit_config/config/ur_servo.yaml
[0.137s] -- Up-to-date symlink: /home/mehul-rathore/ros2_ws/install/ur_moveit_config/share/ur_moveit_config/launch/ur_moveit.launch.py
[0.137s] -- Up-to-date symlink: /home/mehul-rathore/ros2_ws/install/ur_moveit_config/share/ur_moveit_config/srdf/ur.srdf.xacro
[0.138s] -- Up-to-date symlink: /home/mehul-rathore/ros2_ws/install/ur_moveit_config/share/ur_moveit_config/srdf/ur_macro.srdf.xacro
[0.139s] Invoked command in '/home/mehul-rathore/ros2_ws/build/ur_moveit_config' returned '0': AMENT_PREFIX_PATH=/home/mehul-rathore/ros2_ws/install/ur_description:${AMENT_PREFIX_PATH} CMAKE_PREFIX_PATH=/home/mehul-rathore/ros2_ws/install/ur_description:/opt/ros/jazzy/opt/gz_sim_vendor:/opt/ros/jazzy/opt/gz_sensors_vendor:/opt/ros/jazzy/opt/gz_physics_vendor:/opt/ros/jazzy/opt/sdformat_vendor:/opt/ros/jazzy/opt/gz_gui_vendor:/opt/ros/jazzy/opt/gz_transport_vendor:/opt/ros/jazzy/opt/gz_rendering_vendor:/opt/ros/jazzy/opt/gz_plugin_vendor:/opt/ros/jazzy/opt/gz_fuel_tools_vendor:/opt/ros/jazzy/opt/gz_msgs_vendor:/opt/ros/jazzy/opt/gz_common_vendor:/opt/ros/jazzy/opt/gz_math_vendor:/opt/ros/jazzy/opt/gz_utils_vendor:/opt/ros/jazzy/opt/gz_tools_vendor:/opt/ros/jazzy/opt/gz_ogre_next_vendor:/opt/ros/jazzy/opt/gz_dartsim_vendor:/opt/ros/jazzy/opt/gz_cmake_vendor:/opt/ros/jazzy DEBUGINFOD_URLS=https://debuginfod.ubuntu.com /usr/bin/cmake --install /home/mehul-rathore/ros2_ws/build/ur_moveit_config
