-- The C compiler identification is GNU 13.3.0
-- The CXX compiler identification is GNU 13.3.0
-- Detecting C compiler ABI info
-- Detecting C compiler ABI info - done
-- Check for working C compiler: /usr/bin/cc - skipped
-- Detecting C compile features
-- Detecting C compile features - done
-- Detecting CXX compiler ABI info
-- Detecting CXX compiler ABI info - done
-- Check for working CXX compiler: /usr/bin/c++ - skipped
-- Detecting CXX compile features
-- Detecting CXX compile features - done
-- Found ament_cmake: 2.5.6 (/opt/ros/jazzy/share/ament_cmake/cmake)
-- Found Python3: /usr/bin/python3 (found version "3.12.3") found components: Interpreter 
-- Override CMake install command with custom implementation using symlinks instead of copying resources
-- Found angles: 1.16.1 (/opt/ros/jazzy/share/angles/cmake)
-- Found controller_interface: 4.44.0 (/opt/ros/jazzy/share/controller_interface/cmake)
-- Found rosidl_generator_c: 4.6.7 (/opt/ros/jazzy/share/rosidl_generator_c/cmake)
-- Found rosidl_generator_cpp: 4.6.7 (/opt/ros/jazzy/share/rosidl_generator_cpp/cmake)
-- Using all available rosidl_typesupport_c: rosidl_typesupport_fastrtps_c;rosidl_typesupport_introspection_c
-- Using all available rosidl_typesupport_cpp: rosidl_typesupport_fastrtps_cpp;rosidl_typesupport_introspection_cpp
-- Found TinyXML2 via Config file: /usr/lib/x86_64-linux-gnu/cmake/tinyxml2
-- Found rmw_implementation_cmake: 7.3.3 (/opt/ros/jazzy/share/rmw_implementation_cmake/cmake)
-- Found rmw_fastrtps_cpp: 8.4.3 (/opt/ros/jazzy/share/rmw_fastrtps_cpp/cmake)
-- Found TinyXML2 via Config file: /usr/lib/x86_64-linux-gnu/cmake/tinyxml2
-- Found OpenSSL: /usr/lib/x86_64-linux-gnu/libcrypto.so (found version "3.0.13")  
-- Found TinyXML2 via Config file: /usr/lib/x86_64-linux-gnu/cmake/tinyxml2
-- Found FastRTPS: /opt/ros/jazzy/include (Required is at least version "2.13") 
-- Found TinyXML2 via Config file: /usr/lib/x86_64-linux-gnu/cmake/tinyxml2
-- Found TinyXML2 via Config file: /usr/lib/x86_64-linux-gnu/cmake/tinyxml2
-- Using RMW implementation 'rmw_fastrtps_cpp' as default
-- Found joint_trajectory_controller: 4.39.0 (/opt/ros/jazzy/share/joint_trajectory_controller/cmake)
-- Found eigen3_cmake_module: 0.3.0 (/opt/ros/jazzy/share/eigen3_cmake_module/cmake)
-- Found Eigen3: TRUE (found version "3.4.0") 
-- Ensuring Eigen3 include directory is part of orocos-kdl CMake target
-- Found std_srvs: 5.3.7 (/opt/ros/jazzy/share/std_srvs/cmake)
-- Found ur_dashboard_msgs: 3.8.0 (/home/mehul-rathore/ros2_ws/install/ur_dashboard_msgs/share/ur_dashboard_msgs/cmake)
-- Found ur_msgs: 2.5.0 (/opt/ros/jazzy/share/ur_msgs/cmake)
-- Found ament_cmake_gmock: 2.5.6 (/opt/ros/jazzy/share/ament_cmake_gmock/cmake)
-- Found controller_manager: 4.44.0 (/opt/ros/jazzy/share/controller_manager/cmake)
-- Found ros2_control_test_assets: 4.44.0 (/opt/ros/jazzy/share/ros2_control_test_assets/cmake)
-- Found gmock sources under '/opt/ros/jazzy/src/gmock_vendor': C++ tests using 'Google Mock' will be built
-- Found ament_cmake_gtest: 2.5.6 (/opt/ros/jazzy/share/ament_cmake_gtest/cmake)
-- Found gtest sources under '/opt/ros/jazzy/src/gtest_vendor': C++ tests using 'Google Test' will be built
-- Configuring done (3.4s)
-- Generating done (0.1s)
-- Build files have been written to: /home/mehul-rathore/ros2_ws/build/ur_controllers
[  2%] [34m[1mRunning `/opt/ros/jazzy/bin/generate_parameter_library_cpp /home/mehul-rathore/ros2_ws/build/ur_controllers/include/ur_controllers/tool_contact_controller_parameters.hpp /home/mehul-rathore/ros2_ws/src/Universal_Robots_ROS2_Driver/ur_controllers/src/tool_contact_controller_parameters.yaml `[0m
[  5%] [34m[1mCreating deprecated header file /home/mehul-rathore/ros2_ws/build/ur_controllers/include/tool_contact_controller_parameters.hpp[0m
[  5%] Built target tool_contact_controller_parameters
[  7%] [34m[1mRunning `/opt/ros/jazzy/bin/generate_parameter_library_cpp /home/mehul-rathore/ros2_ws/build/ur_controllers/include/ur_controllers/scaled_joint_trajectory_controller_parameters.hpp /home/mehul-rathore/ros2_ws/src/Universal_Robots_ROS2_Driver/ur_controllers/src/scaled_joint_trajectory_controller_parameters.yaml `[0m
[ 10%] [34m[1mCreating deprecated header file /home/mehul-rathore/ros2_ws/build/ur_controllers/include/scaled_joint_trajectory_controller_parameters.hpp[0m
[ 10%] Built target scaled_joint_trajectory_controller_parameters
[ 12%] [34m[1mRunning `/opt/ros/jazzy/bin/generate_parameter_library_cpp /home/mehul-rathore/ros2_ws/build/ur_controllers/include/ur_controllers/freedrive_mode_controller_parameters.hpp /home/mehul-rathore/ros2_ws/src/Universal_Robots_ROS2_Driver/ur_controllers/src/freedrive_mode_controller_parameters.yaml `[0m
[ 15%] [34m[1mCreating deprecated header file /home/mehul-rathore/ros2_ws/build/ur_controllers/include/freedrive_mode_controller_parameters.hpp[0m
[ 15%] Built target freedrive_mode_controller_parameters
[ 17%] [34m[1mRunning `/opt/ros/jazzy/bin/generate_parameter_library_cpp /home/mehul-rathore/ros2_ws/build/ur_controllers/include/ur_controllers/passthrough_trajectory_controller_parameters.hpp /home/mehul-rathore/ros2_ws/src/Universal_Robots_ROS2_Driver/ur_controllers/src/passthrough_trajectory_controller_parameters.yaml `[0m
[ 20%] [34m[1mCreating deprecated header file /home/mehul-rathore/ros2_ws/build/ur_controllers/include/passthrough_trajectory_controller_parameters.hpp[0m
[ 20%] Built target passthrough_trajectory_controller_parameters
[ 23%] [34m[1mRunning `/opt/ros/jazzy/bin/generate_parameter_library_cpp /home/mehul-rathore/ros2_ws/build/ur_controllers/include/ur_controllers/ur_configuration_controller_parameters.hpp /home/mehul-rathore/ros2_ws/src/Universal_Robots_ROS2_Driver/ur_controllers/src/ur_configuration_controller_parameters.yaml `[0m
[ 25%] [34m[1mCreating deprecated header file /home/mehul-rathore/ros2_ws/build/ur_controllers/include/ur_configuration_controller_parameters.hpp[0m
[ 25%] Built target ur_configuration_controller_parameters
[ 28%] [32mBuilding CXX object gmock/CMakeFiles/gmock_main.dir/src/gmock_main.cc.o[0m
[ 30%] [32m[1mLinking CXX static library libgmock_main.a[0m
[ 30%] Built target gmock_main
[ 33%] [32mBuilding CXX object gmock/CMakeFiles/gmock.dir/opt/ros/jazzy/src/gtest_vendor/src/gtest-all.cc.o[0m
[ 35%] [32mBuilding CXX object gmock/CMakeFiles/gmock.dir/src/gmock-all.cc.o[0m
[ 38%] [32m[1mLinking CXX static library libgmock.a[0m
[ 38%] Built target gmock
[ 41%] [34m[1mRunning `/opt/ros/jazzy/bin/generate_parameter_library_cpp /home/mehul-rathore/ros2_ws/build/ur_controllers/include/ur_controllers/friction_model_controller_parameters.hpp /home/mehul-rathore/ros2_ws/src/Universal_Robots_ROS2_Driver/ur_controllers/src/friction_model_controller_parameters.yaml `[0m
[ 43%] [34m[1mRunning `/opt/ros/jazzy/bin/generate_parameter_library_cpp /home/mehul-rathore/ros2_ws/build/ur_controllers/include/ur_controllers/gpio_controller_parameters.hpp /home/mehul-rathore/ros2_ws/src/Universal_Robots_ROS2_Driver/ur_controllers/src/gpio_controller_parameters.yaml `[0m
[ 46%] [34m[1mRunning `/opt/ros/jazzy/bin/generate_parameter_library_cpp /home/mehul-rathore/ros2_ws/build/ur_controllers/include/ur_controllers/speed_scaling_state_broadcaster_parameters.hpp /home/mehul-rathore/ros2_ws/src/Universal_Robots_ROS2_Driver/ur_controllers/src/speed_scaling_state_broadcaster_parameters.yaml `[0m
[ 48%] [34m[1mCreating deprecated header file /home/mehul-rathore/ros2_ws/build/ur_controllers/include/friction_model_controller_parameters.hpp[0m
[ 51%] [34m[1mCreating deprecated header file /home/mehul-rathore/ros2_ws/build/ur_controllers/include/gpio_controller_parameters.hpp[0m
[ 51%] Built target gpio_controller_parameters
[ 51%] Built target friction_model_controller_parameters
[ 53%] [34m[1mCreating deprecated header file /home/mehul-rathore/ros2_ws/build/ur_controllers/include/speed_scaling_state_broadcaster_parameters.hpp[0m
[ 53%] Built target speed_scaling_state_broadcaster_parameters
[ 56%] [34m[1mRunning `/opt/ros/jazzy/bin/generate_parameter_library_cpp /home/mehul-rathore/ros2_ws/build/ur_controllers/include/ur_controllers/force_mode_controller_parameters.hpp /home/mehul-rathore/ros2_ws/src/Universal_Robots_ROS2_Driver/ur_controllers/src/force_mode_controller_parameters.yaml `[0m
[ 58%] [34m[1mCreating deprecated header file /home/mehul-rathore/ros2_ws/build/ur_controllers/include/force_mode_controller_parameters.hpp[0m
[ 58%] Built target force_mode_controller_parameters
[ 64%] [32mBuilding CXX object CMakeFiles/ur_controllers.dir/src/force_mode_controller.cpp.o[0m
[ 64%] [32mBuilding CXX object CMakeFiles/ur_controllers.dir/src/tool_contact_controller.cpp.o[0m
[ 66%] [32mBuilding CXX object CMakeFiles/ur_controllers.dir/src/friction_model_controller.cpp.o[0m
[ 69%] [32mBuilding CXX object CMakeFiles/ur_controllers.dir/src/freedrive_mode_controller.cpp.o[0m
[ 71%] [32mBuilding CXX object CMakeFiles/ur_controllers.dir/src/speed_scaling_state_broadcaster.cpp.o[0m
[ 74%] [32mBuilding CXX object CMakeFiles/ur_controllers.dir/src/scaled_joint_trajectory_controller.cpp.o[0m
[ 76%] [32mBuilding CXX object CMakeFiles/ur_controllers.dir/src/gpio_controller.cpp.o[0m
[ 79%] [32mBuilding CXX object CMakeFiles/ur_controllers.dir/src/passthrough_trajectory_controller.cpp.o[0m
[ 82%] [32mBuilding CXX object CMakeFiles/ur_controllers.dir/src/ur_configuration_controller.cpp.o[0m
[ 84%] [32m[1mLinking CXX shared library libur_controllers.so[0m
[ 84%] Built target ur_controllers
[ 89%] [32mBuilding CXX object CMakeFiles/test_load_force_mode_controller.dir/test/test_load_force_mode_controller.cpp.o[0m
[ 89%] [32mBuilding CXX object CMakeFiles/test_load_friction_model_controller.dir/test/test_load_friction_model_controller.cpp.o[0m
[ 92%] [32mBuilding CXX object CMakeFiles/test_load_freedrive_mode_controller.dir/test/test_load_freedrive_mode_controller.cpp.o[0m
[ 94%] [32m[1mLinking CXX executable test_load_freedrive_mode_controller[0m
[ 97%] [32m[1mLinking CXX executable test_load_friction_model_controller[0m
[100%] [32m[1mLinking CXX executable test_load_force_mode_controller[0m
[100%] Built target test_load_friction_model_controller
[100%] Built target test_load_freedrive_mode_controller
[100%] Built target test_load_force_mode_controller
-- Install configuration: ""
-- Execute custom install script
-- Symlinking: /home/mehul-rathore/ros2_ws/install/ur_controllers/include/ur_controllers/force_mode_controller_parameters.hpp
-- Symlinking: /home/mehul-rathore/ros2_ws/install/ur_controllers/include/ur_controllers/freedrive_mode_controller_parameters.hpp
-- Symlinking: /home/mehul-rathore/ros2_ws/install/ur_controllers/include/ur_controllers/friction_model_controller_parameters.hpp
-- Symlinking: /home/mehul-rathore/ros2_ws/install/ur_controllers/include/ur_controllers/gpio_controller_parameters.hpp
-- Symlinking: /home/mehul-rathore/ros2_ws/install/ur_controllers/include/ur_controllers/passthrough_trajectory_controller_parameters.hpp
-- Symlinking: /home/mehul-rathore/ros2_ws/install/ur_controllers/include/ur_controllers/scaled_joint_trajectory_controller_parameters.hpp
-- Symlinking: /home/mehul-rathore/ros2_ws/install/ur_controllers/include/ur_controllers/speed_scaling_state_broadcaster_parameters.hpp
-- Symlinking: /home/mehul-rathore/ros2_ws/install/ur_controllers/include/ur_controllers/tool_contact_controller_parameters.hpp
-- Symlinking: /home/mehul-rathore/ros2_ws/install/ur_controllers/include/ur_controllers/ur_configuration_controller_parameters.hpp
-- Up-to-date symlink: /home/mehul-rathore/ros2_ws/install/ur_controllers/include/ur_controllers/force_mode_controller_parameters.hpp
-- Up-to-date symlink: /home/mehul-rathore/ros2_ws/install/ur_controllers/include/ur_controllers/freedrive_mode_controller_parameters.hpp
-- Up-to-date symlink: /home/mehul-rathore/ros2_ws/install/ur_controllers/include/ur_controllers/friction_model_controller_parameters.hpp
-- Up-to-date symlink: /home/mehul-rathore/ros2_ws/install/ur_controllers/include/ur_controllers/gpio_controller_parameters.hpp
-- Up-to-date symlink: /home/mehul-rathore/ros2_ws/install/ur_controllers/include/ur_controllers/passthrough_trajectory_controller_parameters.hpp
-- Up-to-date symlink: /home/mehul-rathore/ros2_ws/install/ur_controllers/include/ur_controllers/scaled_joint_trajectory_controller_parameters.hpp
-- Up-to-date symlink: /home/mehul-rathore/ros2_ws/install/ur_controllers/include/ur_controllers/speed_scaling_state_broadcaster_parameters.hpp
-- Up-to-date symlink: /home/mehul-rathore/ros2_ws/install/ur_controllers/include/ur_controllers/tool_contact_controller_parameters.hpp
-- Up-to-date symlink: /home/mehul-rathore/ros2_ws/install/ur_controllers/include/ur_controllers/ur_configuration_controller_parameters.hpp
-- Up-to-date symlink: /home/mehul-rathore/ros2_ws/install/ur_controllers/include/ur_controllers/force_mode_controller_parameters.hpp
-- Up-to-date symlink: /home/mehul-rathore/ros2_ws/install/ur_controllers/include/ur_controllers/freedrive_mode_controller_parameters.hpp
-- Up-to-date symlink: /home/mehul-rathore/ros2_ws/install/ur_controllers/include/ur_controllers/friction_model_controller_parameters.hpp
-- Up-to-date symlink: /home/mehul-rathore/ros2_ws/install/ur_controllers/include/ur_controllers/gpio_controller_parameters.hpp
-- Up-to-date symlink: /home/mehul-rathore/ros2_ws/install/ur_controllers/include/ur_controllers/passthrough_trajectory_controller_parameters.hpp
-- Up-to-date symlink: /home/mehul-rathore/ros2_ws/install/ur_controllers/include/ur_controllers/scaled_joint_trajectory_controller_parameters.hpp
-- Up-to-date symlink: /home/mehul-rathore/ros2_ws/install/ur_controllers/include/ur_controllers/speed_scaling_state_broadcaster_parameters.hpp
-- Up-to-date symlink: /home/mehul-rathore/ros2_ws/install/ur_controllers/include/ur_controllers/tool_contact_controller_parameters.hpp
-- Up-to-date symlink: /home/mehul-rathore/ros2_ws/install/ur_controllers/include/ur_controllers/ur_configuration_controller_parameters.hpp
-- Up-to-date symlink: /home/mehul-rathore/ros2_ws/install/ur_controllers/include/ur_controllers/force_mode_controller_parameters.hpp
-- Up-to-date symlink: /home/mehul-rathore/ros2_ws/install/ur_controllers/include/ur_controllers/freedrive_mode_controller_parameters.hpp
-- Up-to-date symlink: /home/mehul-rathore/ros2_ws/install/ur_controllers/include/ur_controllers/friction_model_controller_parameters.hpp
-- Up-to-date symlink: /home/mehul-rathore/ros2_ws/install/ur_controllers/include/ur_controllers/gpio_controller_parameters.hpp
-- Up-to-date symlink: /home/mehul-rathore/ros2_ws/install/ur_controllers/include/ur_controllers/passthrough_trajectory_controller_parameters.hpp
-- Up-to-date symlink: /home/mehul-rathore/ros2_ws/install/ur_controllers/include/ur_controllers/scaled_joint_trajectory_controller_parameters.hpp
-- Up-to-date symlink: /home/mehul-rathore/ros2_ws/install/ur_controllers/include/ur_controllers/speed_scaling_state_broadcaster_parameters.hpp
-- Up-to-date symlink: /home/mehul-rathore/ros2_ws/install/ur_controllers/include/ur_controllers/tool_contact_controller_parameters.hpp
-- Up-to-date symlink: /home/mehul-rathore/ros2_ws/install/ur_controllers/include/ur_controllers/ur_configuration_controller_parameters.hpp
-- Up-to-date symlink: /home/mehul-rathore/ros2_ws/install/ur_controllers/include/ur_controllers/force_mode_controller_parameters.hpp
-- Up-to-date symlink: /home/mehul-rathore/ros2_ws/install/ur_controllers/include/ur_controllers/freedrive_mode_controller_parameters.hpp
-- Up-to-date symlink: /home/mehul-rathore/ros2_ws/install/ur_controllers/include/ur_controllers/friction_model_controller_parameters.hpp
-- Up-to-date symlink: /home/mehul-rathore/ros2_ws/install/ur_controllers/include/ur_controllers/gpio_controller_parameters.hpp
-- Up-to-date symlink: /home/mehul-rathore/ros2_ws/install/ur_controllers/include/ur_controllers/passthrough_trajectory_controller_parameters.hpp
-- Up-to-date symlink: /home/mehul-rathore/ros2_ws/install/ur_controllers/include/ur_controllers/scaled_joint_trajectory_controller_parameters.hpp
-- Up-to-date symlink: /home/mehul-rathore/ros2_ws/install/ur_controllers/include/ur_controllers/speed_scaling_state_broadcaster_parameters.hpp
-- Up-to-date symlink: /home/mehul-rathore/ros2_ws/install/ur_controllers/include/ur_controllers/tool_contact_controller_parameters.hpp
-- Up-to-date symlink: /home/mehul-rathore/ros2_ws/install/ur_controllers/include/ur_controllers/ur_configuration_controller_parameters.hpp
-- Up-to-date symlink: /home/mehul-rathore/ros2_ws/install/ur_controllers/include/ur_controllers/force_mode_controller_parameters.hpp
-- Up-to-date symlink: /home/mehul-rathore/ros2_ws/install/ur_controllers/include/ur_controllers/freedrive_mode_controller_parameters.hpp
-- Up-to-date symlink: /home/mehul-rathore/ros2_ws/install/ur_controllers/include/ur_controllers/friction_model_controller_parameters.hpp
-- Up-to-date symlink: /home/mehul-rathore/ros2_ws/install/ur_controllers/include/ur_controllers/gpio_controller_parameters.hpp
-- Up-to-date symlink: /home/mehul-rathore/ros2_ws/install/ur_controllers/include/ur_controllers/passthrough_trajectory_controller_parameters.hpp
-- Up-to-date symlink: /home/mehul-rathore/ros2_ws/install/ur_controllers/include/ur_controllers/scaled_joint_trajectory_controller_parameters.hpp
-- Up-to-date symlink: /home/mehul-rathore/ros2_ws/install/ur_controllers/include/ur_controllers/speed_scaling_state_broadcaster_parameters.hpp
-- Up-to-date symlink: /home/mehul-rathore/ros2_ws/install/ur_controllers/include/ur_controllers/tool_contact_controller_parameters.hpp
-- Up-to-date symlink: /home/mehul-rathore/ros2_ws/install/ur_controllers/include/ur_controllers/ur_configuration_controller_parameters.hpp
-- Up-to-date symlink: /home/mehul-rathore/ros2_ws/install/ur_controllers/include/ur_controllers/force_mode_controller_parameters.hpp
-- Up-to-date symlink: /home/mehul-rathore/ros2_ws/install/ur_controllers/include/ur_controllers/freedrive_mode_controller_parameters.hpp
-- Up-to-date symlink: /home/mehul-rathore/ros2_ws/install/ur_controllers/include/ur_controllers/friction_model_controller_parameters.hpp
-- Up-to-date symlink: /home/mehul-rathore/ros2_ws/install/ur_controllers/include/ur_controllers/gpio_controller_parameters.hpp
-- Up-to-date symlink: /home/mehul-rathore/ros2_ws/install/ur_controllers/include/ur_controllers/passthrough_trajectory_controller_parameters.hpp
-- Up-to-date symlink: /home/mehul-rathore/ros2_ws/install/ur_controllers/include/ur_controllers/scaled_joint_trajectory_controller_parameters.hpp
-- Up-to-date symlink: /home/mehul-rathore/ros2_ws/install/ur_controllers/include/ur_controllers/speed_scaling_state_broadcaster_parameters.hpp
-- Up-to-date symlink: /home/mehul-rathore/ros2_ws/install/ur_controllers/include/ur_controllers/tool_contact_controller_parameters.hpp
-- Up-to-date symlink: /home/mehul-rathore/ros2_ws/install/ur_controllers/include/ur_controllers/ur_configuration_controller_parameters.hpp
-- Up-to-date symlink: /home/mehul-rathore/ros2_ws/install/ur_controllers/include/ur_controllers/force_mode_controller_parameters.hpp
-- Up-to-date symlink: /home/mehul-rathore/ros2_ws/install/ur_controllers/include/ur_controllers/freedrive_mode_controller_parameters.hpp
-- Up-to-date symlink: /home/mehul-rathore/ros2_ws/install/ur_controllers/include/ur_controllers/friction_model_controller_parameters.hpp
-- Up-to-date symlink: /home/mehul-rathore/ros2_ws/install/ur_controllers/include/ur_controllers/gpio_controller_parameters.hpp
-- Up-to-date symlink: /home/mehul-rathore/ros2_ws/install/ur_controllers/include/ur_controllers/passthrough_trajectory_controller_parameters.hpp
-- Up-to-date symlink: /home/mehul-rathore/ros2_ws/install/ur_controllers/include/ur_controllers/scaled_joint_trajectory_controller_parameters.hpp
-- Up-to-date symlink: /home/mehul-rathore/ros2_ws/install/ur_controllers/include/ur_controllers/speed_scaling_state_broadcaster_parameters.hpp
-- Up-to-date symlink: /home/mehul-rathore/ros2_ws/install/ur_controllers/include/ur_controllers/tool_contact_controller_parameters.hpp
-- Up-to-date symlink: /home/mehul-rathore/ros2_ws/install/ur_controllers/include/ur_controllers/ur_configuration_controller_parameters.hpp
-- Up-to-date symlink: /home/mehul-rathore/ros2_ws/install/ur_controllers/include/ur_controllers/force_mode_controller_parameters.hpp
-- Up-to-date symlink: /home/mehul-rathore/ros2_ws/install/ur_controllers/include/ur_controllers/freedrive_mode_controller_parameters.hpp
-- Up-to-date symlink: /home/mehul-rathore/ros2_ws/install/ur_controllers/include/ur_controllers/friction_model_controller_parameters.hpp
-- Up-to-date symlink: /home/mehul-rathore/ros2_ws/install/ur_controllers/include/ur_controllers/gpio_controller_parameters.hpp
-- Up-to-date symlink: /home/mehul-rathore/ros2_ws/install/ur_controllers/include/ur_controllers/passthrough_trajectory_controller_parameters.hpp
-- Up-to-date symlink: /home/mehul-rathore/ros2_ws/install/ur_controllers/include/ur_controllers/scaled_joint_trajectory_controller_parameters.hpp
-- Up-to-date symlink: /home/mehul-rathore/ros2_ws/install/ur_controllers/include/ur_controllers/speed_scaling_state_broadcaster_parameters.hpp
-- Up-to-date symlink: /home/mehul-rathore/ros2_ws/install/ur_controllers/include/ur_controllers/tool_contact_controller_parameters.hpp
-- Up-to-date symlink: /home/mehul-rathore/ros2_ws/install/ur_controllers/include/ur_controllers/ur_configuration_controller_parameters.hpp
-- Symlinking: /home/mehul-rathore/ros2_ws/install/ur_controllers/share/ur_controllers//controller_plugins.xml
-- Symlinking: /home/mehul-rathore/ros2_ws/install/ur_controllers/lib/libur_controllers.so
-- Symlinking: /home/mehul-rathore/ros2_ws/install/ur_controllers/include/ur_controllers/force_mode_controller.hpp
-- Symlinking: /home/mehul-rathore/ros2_ws/install/ur_controllers/include/ur_controllers/freedrive_mode_controller.hpp
-- Symlinking: /home/mehul-rathore/ros2_ws/install/ur_controllers/include/ur_controllers/friction_model_controller.hpp
-- Symlinking: /home/mehul-rathore/ros2_ws/install/ur_controllers/include/ur_controllers/gpio_controller.hpp
-- Symlinking: /home/mehul-rathore/ros2_ws/install/ur_controllers/include/ur_controllers/passthrough_trajectory_controller.hpp
-- Symlinking: /home/mehul-rathore/ros2_ws/install/ur_controllers/include/ur_controllers/scaled_joint_trajectory_controller.hpp
-- Symlinking: /home/mehul-rathore/ros2_ws/install/ur_controllers/include/ur_controllers/speed_scaling_state_broadcaster.hpp
-- Symlinking: /home/mehul-rathore/ros2_ws/install/ur_controllers/include/ur_controllers/tool_contact_controller.hpp
-- Symlinking: /home/mehul-rathore/ros2_ws/install/ur_controllers/include/ur_controllers/ur_configuration_controller.hpp
-- Up-to-date symlink: /home/mehul-rathore/ros2_ws/install/ur_controllers/share/ur_controllers/controller_plugins.xml
-- Symlinking: /home/mehul-rathore/ros2_ws/install/ur_controllers/share/ur_controllers/environment/library_path.sh
-- Symlinking: /home/mehul-rathore/ros2_ws/install/ur_controllers/share/ur_controllers/environment/library_path.dsv
-- Symlinking: /home/mehul-rathore/ros2_ws/install/ur_controllers/share/ament_index/resource_index/package_run_dependencies/ur_controllers
-- Symlinking: /home/mehul-rathore/ros2_ws/install/ur_controllers/share/ament_index/resource_index/parent_prefix_path/ur_controllers
-- Symlinking: /home/mehul-rathore/ros2_ws/install/ur_controllers/share/ur_controllers/environment/ament_prefix_path.sh
-- Symlinking: /home/mehul-rathore/ros2_ws/install/ur_controllers/share/ur_controllers/environment/ament_prefix_path.dsv
-- Symlinking: /home/mehul-rathore/ros2_ws/install/ur_controllers/share/ur_controllers/environment/path.sh
-- Symlinking: /home/mehul-rathore/ros2_ws/install/ur_controllers/share/ur_controllers/environment/path.dsv
-- Symlinking: /home/mehul-rathore/ros2_ws/install/ur_controllers/share/ur_controllers/local_setup.bash
-- Symlinking: /home/mehul-rathore/ros2_ws/install/ur_controllers/share/ur_controllers/local_setup.sh
-- Symlinking: /home/mehul-rathore/ros2_ws/install/ur_controllers/share/ur_controllers/local_setup.zsh
-- Symlinking: /home/mehul-rathore/ros2_ws/install/ur_controllers/share/ur_controllers/local_setup.dsv
-- Symlinking: /home/mehul-rathore/ros2_ws/install/ur_controllers/share/ur_controllers/package.dsv
-- Symlinking: /home/mehul-rathore/ros2_ws/install/ur_controllers/share/ament_index/resource_index/packages/ur_controllers
-- Symlinking: /home/mehul-rathore/ros2_ws/install/ur_controllers/share/ament_index/resource_index/controller_interface__pluginlib__plugin/ur_controllers
-- Symlinking: /home/mehul-rathore/ros2_ws/install/ur_controllers/share/ur_controllers/cmake/ament_cmake_export_dependencies-extras.cmake
-- Symlinking: /home/mehul-rathore/ros2_ws/install/ur_controllers/share/ur_controllers/cmake/ament_cmake_export_include_directories-extras.cmake
-- Symlinking: /home/mehul-rathore/ros2_ws/install/ur_controllers/share/ur_controllers/cmake/ament_cmake_export_libraries-extras.cmake
-- Symlinking: /home/mehul-rathore/ros2_ws/install/ur_controllers/share/ur_controllers/cmake/ur_controllersConfig.cmake
-- Symlinking: /home/mehul-rathore/ros2_ws/install/ur_controllers/share/ur_controllers/cmake/ur_controllersConfig-version.cmake
-- Symlinking: /home/mehul-rathore/ros2_ws/install/ur_controllers/share/ur_controllers/package.xml
