[1.870s] Invoking command in '/home/mehul-rathore/ros2_ws/build/paint_defect_robot': DEBUGINFOD_URLS=https://debuginfod.ubuntu.com PYTHONPATH=/home/mehul-rathore/ros2_ws/build/paint_defect_robot/prefix_override:/usr/lib/python3/dist-packages/colcon_core/task/python/colcon_distutils_commands:/home/mehul-rathore/ros2_ws/install/paint_defect_robot/lib/python3.12/site-packages:${PYTHONPATH} /usr/bin/python3 -W ignore:setup.py install is deprecated -W ignore:easy_install command is deprecated setup.py develop --editable --build-directory /home/mehul-rathore/ros2_ws/build/paint_defect_robot/build --no-deps symlink_data
[2.231s] running develop
[2.395s] running egg_info
[2.397s] creating paint_defect_robot.egg-info
[2.411s] writing paint_defect_robot.egg-info/PKG-INFO
[2.412s] writing dependency_links to paint_defect_robot.egg-info/dependency_links.txt
[2.412s] writing requirements to paint_defect_robot.egg-info/requires.txt
[2.412s] writing top-level names to paint_defect_robot.egg-info/top_level.txt
[2.412s] writing manifest file 'paint_defect_robot.egg-info/SOURCES.txt'
[2.442s] reading manifest file 'paint_defect_robot.egg-info/SOURCES.txt'
[2.443s] writing manifest file 'paint_defect_robot.egg-info/SOURCES.txt'
[2.459s] running build_ext
[2.459s] Creating /home/mehul-rathore/ros2_ws/install/paint_defect_robot/lib/python3.12/site-packages/paint-defect-robot.egg-link (link to .)
[2.460s] 
[2.460s] Installed /home/mehul-rathore/ros2_ws/build/paint_defect_robot
[2.460s] running symlink_data
[2.460s] creating /home/mehul-rathore/ros2_ws/install/paint_defect_robot/share/ament_index
[2.460s] creating /home/mehul-rathore/ros2_ws/install/paint_defect_robot/share/ament_index/resource_index
[2.460s] creating /home/mehul-rathore/ros2_ws/install/paint_defect_robot/share/ament_index/resource_index/packages
[2.460s] symbolically linking /home/mehul-rathore/ros2_ws/build/paint_defect_robot/resource/paint_defect_robot -> /home/mehul-rathore/ros2_ws/install/paint_defect_robot/share/ament_index/resource_index/packages
[2.460s] symbolically linking /home/mehul-rathore/ros2_ws/build/paint_defect_robot/package.xml -> /home/mehul-rathore/ros2_ws/install/paint_defect_robot/share/paint_defect_robot
[2.496s] Invoked command in '/home/mehul-rathore/ros2_ws/build/paint_defect_robot' returned '0': DEBUGINFOD_URLS=https://debuginfod.ubuntu.com PYTHONPATH=/home/mehul-rathore/ros2_ws/build/paint_defect_robot/prefix_override:/usr/lib/python3/dist-packages/colcon_core/task/python/colcon_distutils_commands:/home/mehul-rathore/ros2_ws/install/paint_defect_robot/lib/python3.12/site-packages:${PYTHONPATH} /usr/bin/python3 -W ignore:setup.py install is deprecated -W ignore:easy_install command is deprecated setup.py develop --editable --build-directory /home/mehul-rathore/ros2_ws/build/paint_defect_robot/build --no-deps symlink_data
