[0.037s] Invoking command in '/home/mehul-rathore/ros2_ws/build/ur_description': CMAKE_PREFIX_PATH=${CMAKE_PREFIX_PATH}:/opt/ros/jazzy DEBUGINFOD_URLS=https://debuginfod.ubuntu.com /usr/bin/cmake /home/mehul-rathore/ros2_ws/src/Universal_Robots_ROS2_Description -DCMAKE_INSTALL_PREFIX=/home/mehul-rathore/ros2_ws/install/ur_description
[0.349s] -- The C compiler identification is GNU 13.3.0
[0.541s] -- The CXX compiler identification is GNU 13.3.0
[0.588s] -- Detecting C compiler ABI info
[0.732s] -- Detecting C compiler ABI info - done
[0.740s] -- Check for working C compiler: /usr/bin/cc - skipped
[0.741s] -- Detecting C compile features
[0.742s] -- Detecting C compile features - done
[0.761s] -- Detecting CXX compiler ABI info
[0.897s] -- Detecting CXX compiler ABI info - done
[0.902s] -- Check for working CXX compiler: /usr/bin/c++ - skipped
[0.902s] -- Detecting CXX compile features
[0.903s] -- Detecting CXX compile features - done
[0.930s] -- Found ament_cmake: 2.5.6 (/opt/ros/jazzy/share/ament_cmake/cmake)
[1.110s] -- Found Python3: /usr/bin/python3 (found version "3.12.3") found components: Interpreter 
[1.316s] -- Found ament_cmake_pytest: 2.5.6 (/opt/ros/jazzy/share/ament_cmake_pytest/cmake)
[2.592s] -- Configuring done (2.5s)
[2.594s] -- Generating done (0.0s)
[2.596s] -- Build files have been written to: /home/mehul-rathore/ros2_ws/build/ur_description
[2.608s] Invoked command in '/home/mehul-rathore/ros2_ws/build/ur_description' returned '0': CMAKE_PREFIX_PATH=${CMAKE_PREFIX_PATH}:/opt/ros/jazzy DEBUGINFOD_URLS=https://debuginfod.ubuntu.com /usr/bin/cmake /home/mehul-rathore/ros2_ws/src/Universal_Robots_ROS2_Description -DCMAKE_INSTALL_PREFIX=/home/mehul-rathore/ros2_ws/install/ur_description
[2.609s] Invoking command in '/home/mehul-rathore/ros2_ws/build/ur_description': CMAKE_PREFIX_PATH=${CMAKE_PREFIX_PATH}:/opt/ros/jazzy DEBUGINFOD_URLS=https://debuginfod.ubuntu.com /usr/bin/cmake --build /home/mehul-rathore/ros2_ws/build/ur_description -- -j6 -l6
[2.665s] Invoked command in '/home/mehul-rathore/ros2_ws/build/ur_description' returned '0': CMAKE_PREFIX_PATH=${CMAKE_PREFIX_PATH}:/opt/ros/jazzy DEBUGINFOD_URLS=https://debuginfod.ubuntu.com /usr/bin/cmake --build /home/mehul-rathore/ros2_ws/build/ur_description -- -j6 -l6
[2.685s] Invoking command in '/home/mehul-rathore/ros2_ws/build/ur_description': CMAKE_PREFIX_PATH=${CMAKE_PREFIX_PATH}:/opt/ros/jazzy DEBUGINFOD_URLS=https://debuginfod.ubuntu.com /usr/bin/cmake --install /home/mehul-rathore/ros2_ws/build/ur_description
[2.698s] -- Install configuration: ""
[2.698s] -- Installing: /home/mehul-rathore/ros2_ws/install/ur_description/share/ur_description/config
[2.698s] -- Installing: /home/mehul-rathore/ros2_ws/install/ur_description/share/ur_description/config/ur7e
[2.699s] -- Installing: /home/mehul-rathore/ros2_ws/install/ur_description/share/ur_description/config/ur7e/default_kinematics.yaml
[2.699s] -- Installing: /home/mehul-rathore/ros2_ws/install/ur_description/share/ur_description/config/ur7e/visual_parameters.yaml
[2.699s] -- Installing: /home/mehul-rathore/ros2_ws/install/ur_description/share/ur_description/config/ur7e/joint_limits.yaml
[2.699s] -- Installing: /home/mehul-rathore/ros2_ws/install/ur_description/share/ur_description/config/ur7e/physical_parameters.yaml
[2.700s] -- Installing: /home/mehul-rathore/ros2_ws/install/ur_description/share/ur_description/config/ur20
[2.700s] -- Installing: /home/mehul-rathore/ros2_ws/install/ur_description/share/ur_description/config/ur20/default_kinematics.yaml
[2.700s] -- Installing: /home/mehul-rathore/ros2_ws/install/ur_description/share/ur_description/config/ur20/visual_parameters.yaml
[2.700s] -- Installing: /home/mehul-rathore/ros2_ws/install/ur_description/share/ur_description/config/ur20/joint_limits.yaml
[2.700s] -- Installing: /home/mehul-rathore/ros2_ws/install/ur_description/share/ur_description/config/ur20/physical_parameters.yaml
[2.701s] -- Installing: /home/mehul-rathore/ros2_ws/install/ur_description/share/ur_description/config/ur16e
[2.701s] -- Installing: /home/mehul-rathore/ros2_ws/install/ur_description/share/ur_description/config/ur16e/default_kinematics.yaml
[2.701s] -- Installing: /home/mehul-rathore/ros2_ws/install/ur_description/share/ur_description/config/ur16e/visual_parameters.yaml
[2.701s] -- Installing: /home/mehul-rathore/ros2_ws/install/ur_description/share/ur_description/config/ur16e/joint_limits.yaml
[2.701s] -- Installing: /home/mehul-rathore/ros2_ws/install/ur_description/share/ur_description/config/ur16e/physical_parameters.yaml
[2.703s] -- Installing: /home/mehul-rathore/ros2_ws/install/ur_description/share/ur_description/config/ur3
[2.703s] -- Installing: /home/mehul-rathore/ros2_ws/install/ur_description/share/ur_description/config/ur3/default_kinematics.yaml
[2.703s] -- Installing: /home/mehul-rathore/ros2_ws/install/ur_description/share/ur_description/config/ur3/visual_parameters.yaml
[2.703s] -- Installing: /home/mehul-rathore/ros2_ws/install/ur_description/share/ur_description/config/ur3/joint_limits.yaml
[2.703s] -- Installing: /home/mehul-rathore/ros2_ws/install/ur_description/share/ur_description/config/ur3/physical_parameters.yaml
[2.704s] -- Installing: /home/mehul-rathore/ros2_ws/install/ur_description/share/ur_description/config/initial_positions.yaml
[2.704s] -- Installing: /home/mehul-rathore/ros2_ws/install/ur_description/share/ur_description/config/ur15
[2.704s] -- Installing: /home/mehul-rathore/ros2_ws/install/ur_description/share/ur_description/config/ur15/default_kinematics.yaml
[2.704s] -- Installing: /home/mehul-rathore/ros2_ws/install/ur_description/share/ur_description/config/ur15/visual_parameters.yaml
[2.704s] -- Installing: /home/mehul-rathore/ros2_ws/install/ur_description/share/ur_description/config/ur15/joint_limits.yaml
[2.705s] -- Installing: /home/mehul-rathore/ros2_ws/install/ur_description/share/ur_description/config/ur15/physical_parameters.yaml
[2.705s] -- Installing: /home/mehul-rathore/ros2_ws/install/ur_description/share/ur_description/config/ur18
[2.705s] -- Installing: /home/mehul-rathore/ros2_ws/install/ur_description/share/ur_description/config/ur18/default_kinematics.yaml
[2.705s] -- Installing: /home/mehul-rathore/ros2_ws/install/ur_description/share/ur_description/config/ur18/visual_parameters.yaml
[2.705s] -- Installing: /home/mehul-rathore/ros2_ws/install/ur_description/share/ur_description/config/ur18/joint_limits.yaml
[2.705s] -- Installing: /home/mehul-rathore/ros2_ws/install/ur_description/share/ur_description/config/ur18/physical_parameters.yaml
[2.706s] -- Installing: /home/mehul-rathore/ros2_ws/install/ur_description/share/ur_description/config/ur8long
[2.706s] -- Installing: /home/mehul-rathore/ros2_ws/install/ur_description/share/ur_description/config/ur8long/default_kinematics.yaml
[2.706s] -- Installing: /home/mehul-rathore/ros2_ws/install/ur_description/share/ur_description/config/ur8long/visual_parameters.yaml
[2.706s] -- Installing: /home/mehul-rathore/ros2_ws/install/ur_description/share/ur_description/config/ur8long/joint_limits.yaml
[2.707s] -- Installing: /home/mehul-rathore/ros2_ws/install/ur_description/share/ur_description/config/ur8long/physical_parameters.yaml
[2.707s] -- Installing: /home/mehul-rathore/ros2_ws/install/ur_description/share/ur_description/config/ur3e
[2.707s] -- Installing: /home/mehul-rathore/ros2_ws/install/ur_description/share/ur_description/config/ur3e/default_kinematics.yaml
[2.707s] -- Installing: /home/mehul-rathore/ros2_ws/install/ur_description/share/ur_description/config/ur3e/visual_parameters.yaml
[2.707s] -- Installing: /home/mehul-rathore/ros2_ws/install/ur_description/share/ur_description/config/ur3e/joint_limits.yaml
[2.707s] -- Installing: /home/mehul-rathore/ros2_ws/install/ur_description/share/ur_description/config/ur3e/physical_parameters.yaml
[2.708s] -- Installing: /home/mehul-rathore/ros2_ws/install/ur_description/share/ur_description/config/ur10e
[2.708s] -- Installing: /home/mehul-rathore/ros2_ws/install/ur_description/share/ur_description/config/ur10e/default_kinematics.yaml
[2.708s] -- Installing: /home/mehul-rathore/ros2_ws/install/ur_description/share/ur_description/config/ur10e/visual_parameters.yaml
[2.708s] -- Installing: /home/mehul-rathore/ros2_ws/install/ur_description/share/ur_description/config/ur10e/joint_limits.yaml
[2.708s] -- Installing: /home/mehul-rathore/ros2_ws/install/ur_description/share/ur_description/config/ur10e/physical_parameters.yaml
[2.708s] -- Installing: /home/mehul-rathore/ros2_ws/install/ur_description/share/ur_description/config/ur5e
[2.708s] -- Installing: /home/mehul-rathore/ros2_ws/install/ur_description/share/ur_description/config/ur5e/default_kinematics.yaml
[2.708s] -- Installing: /home/mehul-rathore/ros2_ws/install/ur_description/share/ur_description/config/ur5e/visual_parameters.yaml
[2.709s] -- Installing: /home/mehul-rathore/ros2_ws/install/ur_description/share/ur_description/config/ur5e/joint_limits.yaml
[2.709s] -- Installing: /home/mehul-rathore/ros2_ws/install/ur_description/share/ur_description/config/ur5e/physical_parameters.yaml
[2.709s] -- Installing: /home/mehul-rathore/ros2_ws/install/ur_description/share/ur_description/config/ur12e
[2.709s] -- Installing: /home/mehul-rathore/ros2_ws/install/ur_description/share/ur_description/config/ur12e/default_kinematics.yaml
[2.709s] -- Installing: /home/mehul-rathore/ros2_ws/install/ur_description/share/ur_description/config/ur12e/visual_parameters.yaml
[2.709s] -- Installing: /home/mehul-rathore/ros2_ws/install/ur_description/share/ur_description/config/ur12e/joint_limits.yaml
[2.709s] -- Installing: /home/mehul-rathore/ros2_ws/install/ur_description/share/ur_description/config/ur12e/physical_parameters.yaml
[2.710s] -- Installing: /home/mehul-rathore/ros2_ws/install/ur_description/share/ur_description/config/ur10
[2.710s] -- Installing: /home/mehul-rathore/ros2_ws/install/ur_description/share/ur_description/config/ur10/default_kinematics.yaml
[2.710s] -- Installing: /home/mehul-rathore/ros2_ws/install/ur_description/share/ur_description/config/ur10/visual_parameters.yaml
[2.710s] -- Installing: /home/mehul-rathore/ros2_ws/install/ur_description/share/ur_description/config/ur10/joint_limits.yaml
[2.710s] -- Installing: /home/mehul-rathore/ros2_ws/install/ur_description/share/ur_description/config/ur10/physical_parameters.yaml
[2.710s] -- Installing: /home/mehul-rathore/ros2_ws/install/ur_description/share/ur_description/config/ur30
[2.711s] -- Installing: /home/mehul-rathore/ros2_ws/install/ur_description/share/ur_description/config/ur30/default_kinematics.yaml
[2.711s] -- Installing: /home/mehul-rathore/ros2_ws/install/ur_description/share/ur_description/config/ur30/visual_parameters.yaml
[2.711s] -- Installing: /home/mehul-rathore/ros2_ws/install/ur_description/share/ur_description/config/ur30/joint_limits.yaml
[2.711s] -- Installing: /home/mehul-rathore/ros2_ws/install/ur_description/share/ur_description/config/ur30/physical_parameters.yaml
[2.711s] -- Installing: /home/mehul-rathore/ros2_ws/install/ur_description/share/ur_description/config/ur5
[2.711s] -- Installing: /home/mehul-rathore/ros2_ws/install/ur_description/share/ur_description/config/ur5/default_kinematics.yaml
[2.711s] -- Installing: /home/mehul-rathore/ros2_ws/install/ur_description/share/ur_description/config/ur5/visual_parameters.yaml
[2.711s] -- Installing: /home/mehul-rathore/ros2_ws/install/ur_description/share/ur_description/config/ur5/joint_limits.yaml
[2.711s] -- Installing: /home/mehul-rathore/ros2_ws/install/ur_description/share/ur_description/config/ur5/physical_parameters.yaml
[2.711s] -- Installing: /home/mehul-rathore/ros2_ws/install/ur_description/share/ur_description/launch
[2.711s] -- Installing: /home/mehul-rathore/ros2_ws/install/ur_description/share/ur_description/launch/view_ur.launch.py
[2.711s] -- Installing: /home/mehul-rathore/ros2_ws/install/ur_description/share/ur_description/launch/view_ur.launch.xml
[2.711s] -- Installing: /home/mehul-rathore/ros2_ws/install/ur_description/share/ur_description/meshes
[2.711s] -- Installing: /home/mehul-rathore/ros2_ws/install/ur_description/share/ur_description/meshes/ur20
[2.711s] -- Installing: /home/mehul-rathore/ros2_ws/install/ur_description/share/ur_description/meshes/ur20/collision
[2.711s] -- Installing: /home/mehul-rathore/ros2_ws/install/ur_description/share/ur_description/meshes/ur20/collision/base.stl
[2.712s] -- Installing: /home/mehul-rathore/ros2_ws/install/ur_description/share/ur_description/meshes/ur20/collision/shoulder.stl
[2.712s] -- Installing: /home/mehul-rathore/ros2_ws/install/ur_description/share/ur_description/meshes/ur20/collision/forearm.stl
[2.712s] -- Installing: /home/mehul-rathore/ros2_ws/install/ur_description/share/ur_description/meshes/ur20/collision/wrist2.stl
[2.712s] -- Installing: /home/mehul-rathore/ros2_ws/install/ur_description/share/ur_description/meshes/ur20/collision/wrist3.stl
[2.712s] -- Installing: /home/mehul-rathore/ros2_ws/install/ur_description/share/ur_description/meshes/ur20/collision/wrist1.stl
[2.712s] -- Installing: /home/mehul-rathore/ros2_ws/install/ur_description/share/ur_description/meshes/ur20/collision/upperarm.stl
[2.712s] -- Installing: /home/mehul-rathore/ros2_ws/install/ur_description/share/ur_description/meshes/ur20/visual
[2.712s] -- Installing: /home/mehul-rathore/ros2_ws/install/ur_description/share/ur_description/meshes/ur20/visual/wrist3.dae
[2.712s] -- Installing: /home/mehul-rathore/ros2_ws/install/ur_description/share/ur_description/meshes/ur20/visual/shoulder.dae
[2.712s] -- Installing: /home/mehul-rathore/ros2_ws/install/ur_description/share/ur_description/meshes/ur20/visual/UR20_DIFF_8bit_2K.png
[2.713s] -- Installing: /home/mehul-rathore/ros2_ws/install/ur_description/share/ur_description/meshes/ur20/visual/wrist2.dae
[2.713s] -- Installing: /home/mehul-rathore/ros2_ws/install/ur_description/share/ur_description/meshes/ur20/visual/upperarm.dae
[2.714s] -- Installing: /home/mehul-rathore/ros2_ws/install/ur_description/share/ur_description/meshes/ur20/visual/forearm.dae
[2.715s] -- Installing: /home/mehul-rathore/ros2_ws/install/ur_description/share/ur_description/meshes/ur20/visual/wrist1.dae
[2.715s] -- Installing: /home/mehul-rathore/ros2_ws/install/ur_description/share/ur_description/meshes/ur20/visual/base.dae
[2.716s] -- Installing: /home/mehul-rathore/ros2_ws/install/ur_description/share/ur_description/meshes/ur20/LICENSE.txt
[2.716s] -- Installing: /home/mehul-rathore/ros2_ws/install/ur_description/share/ur_description/meshes/ur16e
[2.716s] -- Installing: /home/mehul-rathore/ros2_ws/install/ur_description/share/ur_description/meshes/ur16e/collision
[2.716s] -- Installing: /home/mehul-rathore/ros2_ws/install/ur_description/share/ur_description/meshes/ur16e/collision/forearm.stl
[2.717s] -- Installing: /home/mehul-rathore/ros2_ws/install/ur_description/share/ur_description/meshes/ur16e/collision/upperarm.stl
[2.717s] -- Installing: /home/mehul-rathore/ros2_ws/install/ur_description/share/ur_description/meshes/ur16e/visual
[2.718s] -- Installing: /home/mehul-rathore/ros2_ws/install/ur_description/share/ur_description/meshes/ur16e/visual/upperarm.dae
[2.723s] -- Installing: /home/mehul-rathore/ros2_ws/install/ur_description/share/ur_description/meshes/ur16e/visual/forearm.dae
[2.724s] -- Installing: /home/mehul-rathore/ros2_ws/install/ur_description/share/ur_description/meshes/ur3
[2.728s] -- Installing: /home/mehul-rathore/ros2_ws/install/ur_description/share/ur_description/meshes/ur3/collision
[2.728s] -- Installing: /home/mehul-rathore/ros2_ws/install/ur_description/share/ur_description/meshes/ur3/collision/base.stl
[2.728s] -- Installing: /home/mehul-rathore/ros2_ws/install/ur_description/share/ur_description/meshes/ur3/collision/shoulder.stl
[2.729s] -- Installing: /home/mehul-rathore/ros2_ws/install/ur_description/share/ur_description/meshes/ur3/collision/forearm.stl
[2.729s] -- Installing: /home/mehul-rathore/ros2_ws/install/ur_description/share/ur_description/meshes/ur3/collision/wrist2.stl
[2.729s] -- Installing: /home/mehul-rathore/ros2_ws/install/ur_description/share/ur_description/meshes/ur3/collision/wrist3.stl
[2.729s] -- Installing: /home/mehul-rathore/ros2_ws/install/ur_description/share/ur_description/meshes/ur3/collision/wrist1.stl
[2.729s] -- Installing: /home/mehul-rathore/ros2_ws/install/ur_description/share/ur_description/meshes/ur3/collision/upperarm.stl
[2.729s] -- Installing: /home/mehul-rathore/ros2_ws/install/ur_description/share/ur_description/meshes/ur3/visual
[2.729s] -- Installing: /home/mehul-rathore/ros2_ws/install/ur_description/share/ur_description/meshes/ur3/visual/wrist3.dae
[2.729s] -- Installing: /home/mehul-rathore/ros2_ws/install/ur_description/share/ur_description/meshes/ur3/visual/shoulder.dae
[2.731s] -- Installing: /home/mehul-rathore/ros2_ws/install/ur_description/share/ur_description/meshes/ur3/visual/wrist2.dae
[2.733s] -- Installing: /home/mehul-rathore/ros2_ws/install/ur_description/share/ur_description/meshes/ur3/visual/upperarm.dae
[2.735s] -- Installing: /home/mehul-rathore/ros2_ws/install/ur_description/share/ur_description/meshes/ur3/visual/forearm.dae
[2.737s] -- Installing: /home/mehul-rathore/ros2_ws/install/ur_description/share/ur_description/meshes/ur3/visual/wrist1.dae
[2.739s] -- Installing: /home/mehul-rathore/ros2_ws/install/ur_description/share/ur_description/meshes/ur3/visual/base.dae
[2.740s] -- Installing: /home/mehul-rathore/ros2_ws/install/ur_description/share/ur_description/meshes/ur15
[2.740s] -- Installing: /home/mehul-rathore/ros2_ws/install/ur_description/share/ur_description/meshes/ur15/collision
[2.741s] -- Installing: /home/mehul-rathore/ros2_ws/install/ur_description/share/ur_description/meshes/ur15/collision/base.stl
[2.741s] -- Installing: /home/mehul-rathore/ros2_ws/install/ur_description/share/ur_description/meshes/ur15/collision/shoulder.stl
[2.741s] -- Installing: /home/mehul-rathore/ros2_ws/install/ur_description/share/ur_description/meshes/ur15/collision/forearm.stl
[2.741s] -- Installing: /home/mehul-rathore/ros2_ws/install/ur_description/share/ur_description/meshes/ur15/collision/wrist2.stl
[2.742s] -- Installing: /home/mehul-rathore/ros2_ws/install/ur_description/share/ur_description/meshes/ur15/collision/wrist3.stl
[2.742s] -- Installing: /home/mehul-rathore/ros2_ws/install/ur_description/share/ur_description/meshes/ur15/collision/wrist1.stl
[2.742s] -- Installing: /home/mehul-rathore/ros2_ws/install/ur_description/share/ur_description/meshes/ur15/collision/upperarm.stl
[2.742s] -- Installing: /home/mehul-rathore/ros2_ws/install/ur_description/share/ur_description/meshes/ur15/visual
[2.743s] -- Installing: /home/mehul-rathore/ros2_ws/install/ur_description/share/ur_description/meshes/ur15/visual/wrist3.dae
[2.743s] -- Installing: /home/mehul-rathore/ros2_ws/install/ur_description/share/ur_description/meshes/ur15/visual/shoulder.dae
[2.744s] -- Installing: /home/mehul-rathore/ros2_ws/install/ur_description/share/ur_description/meshes/ur15/visual/UR15_DIFF_8bit_2K.jpg
[2.744s] -- Installing: /home/mehul-rathore/ros2_ws/install/ur_description/share/ur_description/meshes/ur15/visual/wrist2.dae
[2.745s] -- Installing: /home/mehul-rathore/ros2_ws/install/ur_description/share/ur_description/meshes/ur15/visual/upperarm.dae
[2.746s] -- Installing: /home/mehul-rathore/ros2_ws/install/ur_description/share/ur_description/meshes/ur15/visual/forearm.dae
[2.746s] -- Installing: /home/mehul-rathore/ros2_ws/install/ur_description/share/ur_description/meshes/ur15/visual/wrist1.dae
[2.746s] -- Installing: /home/mehul-rathore/ros2_ws/install/ur_description/share/ur_description/meshes/ur15/visual/base.dae
[2.747s] -- Installing: /home/mehul-rathore/ros2_ws/install/ur_description/share/ur_description/meshes/ur15/LICENSE.txt
[2.747s] -- Installing: /home/mehul-rathore/ros2_ws/install/ur_description/share/ur_description/meshes/ur18
[2.747s] -- Installing: /home/mehul-rathore/ros2_ws/install/ur_description/share/ur_description/meshes/ur18/collision
[2.748s] -- Installing: /home/mehul-rathore/ros2_ws/install/ur_description/share/ur_description/meshes/ur18/collision/forearm.stl
[2.748s] -- Installing: /home/mehul-rathore/ros2_ws/install/ur_description/share/ur_description/meshes/ur18/collision/upperarm.stl
[2.748s] -- Installing: /home/mehul-rathore/ros2_ws/install/ur_description/share/ur_description/meshes/ur18/visual
[2.749s] -- Installing: /home/mehul-rathore/ros2_ws/install/ur_description/share/ur_description/meshes/ur18/visual/upperarm.dae
[2.749s] -- Installing: /home/mehul-rathore/ros2_ws/install/ur_description/share/ur_description/meshes/ur18/visual/forearm.dae
[2.750s] -- Installing: /home/mehul-rathore/ros2_ws/install/ur_description/share/ur_description/meshes/ur18/visual/UR18_DIFF_8bit_2K.jpg
[2.751s] -- Installing: /home/mehul-rathore/ros2_ws/install/ur_description/share/ur_description/meshes/ur18/LICENSE.txt
[2.751s] -- Installing: /home/mehul-rathore/ros2_ws/install/ur_description/share/ur_description/meshes/ur8long
[2.751s] -- Installing: /home/mehul-rathore/ros2_ws/install/ur_description/share/ur_description/meshes/ur8long/collision
[2.751s] -- Installing: /home/mehul-rathore/ros2_ws/install/ur_description/share/ur_description/meshes/ur8long/collision/forearm.stl
[2.751s] -- Installing: /home/mehul-rathore/ros2_ws/install/ur_description/share/ur_description/meshes/ur8long/collision/upperarm.stl
[2.752s] -- Installing: /home/mehul-rathore/ros2_ws/install/ur_description/share/ur_description/meshes/ur8long/visual
[2.752s] -- Installing: /home/mehul-rathore/ros2_ws/install/ur_description/share/ur_description/meshes/ur8long/visual/UR8Long_DIFF_8bit_2K.jpg
[2.752s] -- Installing: /home/mehul-rathore/ros2_ws/install/ur_description/share/ur_description/meshes/ur8long/visual/upperarm.dae
[2.754s] -- Installing: /home/mehul-rathore/ros2_ws/install/ur_description/share/ur_description/meshes/ur8long/visual/forearm.dae
[2.755s] -- Installing: /home/mehul-rathore/ros2_ws/install/ur_description/share/ur_description/meshes/ur8long/LICENSE.txt
[2.755s] -- Installing: /home/mehul-rathore/ros2_ws/install/ur_description/share/ur_description/meshes/ur3e
[2.755s] -- Installing: /home/mehul-rathore/ros2_ws/install/ur_description/share/ur_description/meshes/ur3e/collision
[2.755s] -- Installing: /home/mehul-rathore/ros2_ws/install/ur_description/share/ur_description/meshes/ur3e/collision/base.stl
[2.755s] -- Installing: /home/mehul-rathore/ros2_ws/install/ur_description/share/ur_description/meshes/ur3e/collision/shoulder.stl
[2.756s] -- Installing: /home/mehul-rathore/ros2_ws/install/ur_description/share/ur_description/meshes/ur3e/collision/forearm.stl
[2.756s] -- Installing: /home/mehul-rathore/ros2_ws/install/ur_description/share/ur_description/meshes/ur3e/collision/wrist2.stl
[2.757s] -- Installing: /home/mehul-rathore/ros2_ws/install/ur_description/share/ur_description/meshes/ur3e/collision/wrist3.stl
[2.757s] -- Installing: /home/mehul-rathore/ros2_ws/install/ur_description/share/ur_description/meshes/ur3e/collision/wrist1.stl
[2.757s] -- Installing: /home/mehul-rathore/ros2_ws/install/ur_description/share/ur_description/meshes/ur3e/collision/upperarm.stl
[2.757s] -- Installing: /home/mehul-rathore/ros2_ws/install/ur_description/share/ur_description/meshes/ur3e/visual
[2.758s] -- Installing: /home/mehul-rathore/ros2_ws/install/ur_description/share/ur_description/meshes/ur3e/visual/wrist3.dae
[2.758s] -- Installing: /home/mehul-rathore/ros2_ws/install/ur_description/share/ur_description/meshes/ur3e/visual/shoulder.dae
[2.761s] -- Installing: /home/mehul-rathore/ros2_ws/install/ur_description/share/ur_description/meshes/ur3e/visual/wrist2.dae
[2.764s] -- Installing: /home/mehul-rathore/ros2_ws/install/ur_description/share/ur_description/meshes/ur3e/visual/upperarm.dae
[2.767s] -- Installing: /home/mehul-rathore/ros2_ws/install/ur_description/share/ur_description/meshes/ur3e/visual/forearm.dae
[2.768s] -- Installing: /home/mehul-rathore/ros2_ws/install/ur_description/share/ur_description/meshes/ur3e/visual/wrist1.dae
[2.770s] -- Installing: /home/mehul-rathore/ros2_ws/install/ur_description/share/ur_description/meshes/ur3e/visual/base.dae
[2.771s] -- Installing: /home/mehul-rathore/ros2_ws/install/ur_description/share/ur_description/meshes/ur10e
[2.771s] -- Installing: /home/mehul-rathore/ros2_ws/install/ur_description/share/ur_description/meshes/ur10e/collision
[2.772s] -- Installing: /home/mehul-rathore/ros2_ws/install/ur_description/share/ur_description/meshes/ur10e/collision/base.stl
[2.772s] -- Installing: /home/mehul-rathore/ros2_ws/install/ur_description/share/ur_description/meshes/ur10e/collision/shoulder.stl
[2.772s] -- Installing: /home/mehul-rathore/ros2_ws/install/ur_description/share/ur_description/meshes/ur10e/collision/forearm.stl
[2.772s] -- Installing: /home/mehul-rathore/ros2_ws/install/ur_description/share/ur_description/meshes/ur10e/collision/wrist2.stl
[2.773s] -- Installing: /home/mehul-rathore/ros2_ws/install/ur_description/share/ur_description/meshes/ur10e/collision/wrist3.stl
[2.773s] -- Installing: /home/mehul-rathore/ros2_ws/install/ur_description/share/ur_description/meshes/ur10e/collision/wrist1.stl
[2.773s] -- Installing: /home/mehul-rathore/ros2_ws/install/ur_description/share/ur_description/meshes/ur10e/collision/upperarm.stl
[2.773s] -- Installing: /home/mehul-rathore/ros2_ws/install/ur_description/share/ur_description/meshes/ur10e/visual
[2.774s] -- Installing: /home/mehul-rathore/ros2_ws/install/ur_description/share/ur_description/meshes/ur10e/visual/wrist3.dae
[2.774s] -- Installing: /home/mehul-rathore/ros2_ws/install/ur_description/share/ur_description/meshes/ur10e/visual/shoulder.dae
[2.779s] -- Installing: /home/mehul-rathore/ros2_ws/install/ur_description/share/ur_description/meshes/ur10e/visual/wrist2.dae
[2.780s] -- Installing: /home/mehul-rathore/ros2_ws/install/ur_description/share/ur_description/meshes/ur10e/visual/upperarm.dae
[2.784s] -- Installing: /home/mehul-rathore/ros2_ws/install/ur_description/share/ur_description/meshes/ur10e/visual/forearm.dae
[2.787s] -- Installing: /home/mehul-rathore/ros2_ws/install/ur_description/share/ur_description/meshes/ur10e/visual/wrist1.dae
[2.789s] -- Installing: /home/mehul-rathore/ros2_ws/install/ur_description/share/ur_description/meshes/ur10e/visual/base.dae
[2.790s] -- Installing: /home/mehul-rathore/ros2_ws/install/ur_description/share/ur_description/meshes/ur5e
[2.790s] -- Installing: /home/mehul-rathore/ros2_ws/install/ur_description/share/ur_description/meshes/ur5e/collision
[2.790s] -- Installing: /home/mehul-rathore/ros2_ws/install/ur_description/share/ur_description/meshes/ur5e/collision/base.stl
[2.790s] -- Installing: /home/mehul-rathore/ros2_ws/install/ur_description/share/ur_description/meshes/ur5e/collision/shoulder.stl
[2.790s] -- Installing: /home/mehul-rathore/ros2_ws/install/ur_description/share/ur_description/meshes/ur5e/collision/forearm.stl
[2.790s] -- Installing: /home/mehul-rathore/ros2_ws/install/ur_description/share/ur_description/meshes/ur5e/collision/wrist2.stl
[2.791s] -- Installing: /home/mehul-rathore/ros2_ws/install/ur_description/share/ur_description/meshes/ur5e/collision/wrist3.stl
[2.791s] -- Installing: /home/mehul-rathore/ros2_ws/install/ur_description/share/ur_description/meshes/ur5e/collision/wrist1.stl
[2.791s] -- Installing: /home/mehul-rathore/ros2_ws/install/ur_description/share/ur_description/meshes/ur5e/collision/upperarm.stl
[2.792s] -- Installing: /home/mehul-rathore/ros2_ws/install/ur_description/share/ur_description/meshes/ur5e/visual
[2.792s] -- Installing: /home/mehul-rathore/ros2_ws/install/ur_description/share/ur_description/meshes/ur5e/visual/wrist3.dae
[2.792s] -- Installing: /home/mehul-rathore/ros2_ws/install/ur_description/share/ur_description/meshes/ur5e/visual/shoulder.dae
[2.794s] -- Installing: /home/mehul-rathore/ros2_ws/install/ur_description/share/ur_description/meshes/ur5e/visual/wrist2.dae
[2.796s] -- Installing: /home/mehul-rathore/ros2_ws/install/ur_description/share/ur_description/meshes/ur5e/visual/upperarm.dae
[2.801s] -- Installing: /home/mehul-rathore/ros2_ws/install/ur_description/share/ur_description/meshes/ur5e/visual/forearm.dae
[2.802s] -- Installing: /home/mehul-rathore/ros2_ws/install/ur_description/share/ur_description/meshes/ur5e/visual/wrist1.dae
[2.803s] -- Installing: /home/mehul-rathore/ros2_ws/install/ur_description/share/ur_description/meshes/ur5e/visual/base.dae
[2.804s] -- Installing: /home/mehul-rathore/ros2_ws/install/ur_description/share/ur_description/meshes/ur10
[2.804s] -- Installing: /home/mehul-rathore/ros2_ws/install/ur_description/share/ur_description/meshes/ur10/collision
[2.804s] -- Installing: /home/mehul-rathore/ros2_ws/install/ur_description/share/ur_description/meshes/ur10/collision/base.stl
[2.804s] -- Installing: /home/mehul-rathore/ros2_ws/install/ur_description/share/ur_description/meshes/ur10/collision/shoulder.stl
[2.804s] -- Installing: /home/mehul-rathore/ros2_ws/install/ur_description/share/ur_description/meshes/ur10/collision/forearm.stl
[2.804s] -- Installing: /home/mehul-rathore/ros2_ws/install/ur_description/share/ur_description/meshes/ur10/collision/wrist2.stl
[2.805s] -- Installing: /home/mehul-rathore/ros2_ws/install/ur_description/share/ur_description/meshes/ur10/collision/wrist3.stl
[2.805s] -- Installing: /home/mehul-rathore/ros2_ws/install/ur_description/share/ur_description/meshes/ur10/collision/wrist1.stl
[2.805s] -- Installing: /home/mehul-rathore/ros2_ws/install/ur_description/share/ur_description/meshes/ur10/collision/upperarm.stl
[2.807s] -- Installing: /home/mehul-rathore/ros2_ws/install/ur_description/share/ur_description/meshes/ur10/visual
[2.807s] -- Installing: /home/mehul-rathore/ros2_ws/install/ur_description/share/ur_description/meshes/ur10/visual/wrist3.dae
[2.807s] -- Installing: /home/mehul-rathore/ros2_ws/install/ur_description/share/ur_description/meshes/ur10/visual/shoulder.dae
[2.809s] -- Installing: /home/mehul-rathore/ros2_ws/install/ur_description/share/ur_description/meshes/ur10/visual/wrist2.dae
[2.811s] -- Installing: /home/mehul-rathore/ros2_ws/install/ur_description/share/ur_description/meshes/ur10/visual/upperarm.dae
[2.814s] -- Installing: /home/mehul-rathore/ros2_ws/install/ur_description/share/ur_description/meshes/ur10/visual/forearm.dae
[2.817s] -- Installing: /home/mehul-rathore/ros2_ws/install/ur_description/share/ur_description/meshes/ur10/visual/wrist1.dae
[2.819s] -- Installing: /home/mehul-rathore/ros2_ws/install/ur_description/share/ur_description/meshes/ur10/visual/base.dae
[2.820s] -- Installing: /home/mehul-rathore/ros2_ws/install/ur_description/share/ur_description/meshes/ur30
[2.820s] -- Installing: /home/mehul-rathore/ros2_ws/install/ur_description/share/ur_description/meshes/ur30/collision
[2.820s] -- Installing: /home/mehul-rathore/ros2_ws/install/ur_description/share/ur_description/meshes/ur30/collision/forearm.stl
[2.820s] -- Installing: /home/mehul-rathore/ros2_ws/install/ur_description/share/ur_description/meshes/ur30/collision/upperarm.stl
[2.822s] -- Installing: /home/mehul-rathore/ros2_ws/install/ur_description/share/ur_description/meshes/ur30/visual
[2.822s] -- Installing: /home/mehul-rathore/ros2_ws/install/ur_description/share/ur_description/meshes/ur30/visual/UR30_DIFF_8bit_2K.png
[2.824s] -- Installing: /home/mehul-rathore/ros2_ws/install/ur_description/share/ur_description/meshes/ur30/visual/upperarm.dae
[2.824s] -- Installing: /home/mehul-rathore/ros2_ws/install/ur_description/share/ur_description/meshes/ur30/visual/forearm.dae
[2.826s] -- Installing: /home/mehul-rathore/ros2_ws/install/ur_description/share/ur_description/meshes/ur30/LICENSE.txt
[2.826s] -- Installing: /home/mehul-rathore/ros2_ws/install/ur_description/share/ur_description/meshes/ur5
[2.826s] -- Installing: /home/mehul-rathore/ros2_ws/install/ur_description/share/ur_description/meshes/ur5/collision
[2.826s] -- Installing: /home/mehul-rathore/ros2_ws/install/ur_description/share/ur_description/meshes/ur5/collision/base.stl
[2.826s] -- Installing: /home/mehul-rathore/ros2_ws/install/ur_description/share/ur_description/meshes/ur5/collision/shoulder.stl
[2.827s] -- Installing: /home/mehul-rathore/ros2_ws/install/ur_description/share/ur_description/meshes/ur5/collision/forearm.stl
[2.827s] -- Installing: /home/mehul-rathore/ros2_ws/install/ur_description/share/ur_description/meshes/ur5/collision/wrist2.stl
[2.827s] -- Installing: /home/mehul-rathore/ros2_ws/install/ur_description/share/ur_description/meshes/ur5/collision/wrist3.stl
[2.827s] -- Installing: /home/mehul-rathore/ros2_ws/install/ur_description/share/ur_description/meshes/ur5/collision/wrist1.stl
[2.827s] -- Installing: /home/mehul-rathore/ros2_ws/install/ur_description/share/ur_description/meshes/ur5/collision/upperarm.stl
[2.827s] -- Installing: /home/mehul-rathore/ros2_ws/install/ur_description/share/ur_description/meshes/ur5/visual
[2.827s] -- Installing: /home/mehul-rathore/ros2_ws/install/ur_description/share/ur_description/meshes/ur5/visual/wrist3.dae
[2.827s] -- Installing: /home/mehul-rathore/ros2_ws/install/ur_description/share/ur_description/meshes/ur5/visual/shoulder.dae
[2.828s] -- Installing: /home/mehul-rathore/ros2_ws/install/ur_description/share/ur_description/meshes/ur5/visual/wrist2.dae
[2.831s] -- Installing: /home/mehul-rathore/ros2_ws/install/ur_description/share/ur_description/meshes/ur5/visual/upperarm.dae
[2.835s] -- Installing: /home/mehul-rathore/ros2_ws/install/ur_description/share/ur_description/meshes/ur5/visual/forearm.dae
[2.838s] -- Installing: /home/mehul-rathore/ros2_ws/install/ur_description/share/ur_description/meshes/ur5/visual/wrist1.dae
[2.839s] -- Installing: /home/mehul-rathore/ros2_ws/install/ur_description/share/ur_description/meshes/ur5/visual/base.dae
[2.840s] -- Installing: /home/mehul-rathore/ros2_ws/install/ur_description/share/ur_description/rviz
[2.840s] -- Installing: /home/mehul-rathore/ros2_ws/install/ur_description/share/ur_description/rviz/view_robot.rviz
[2.840s] -- Installing: /home/mehul-rathore/ros2_ws/install/ur_description/share/ur_description/urdf
[2.840s] -- Installing: /home/mehul-rathore/ros2_ws/install/ur_description/share/ur_description/urdf/ur_mocked.urdf.xacro
[2.840s] -- Installing: /home/mehul-rathore/ros2_ws/install/ur_description/share/ur_description/urdf/ur_macro.xacro
[2.840s] -- Installing: /home/mehul-rathore/ros2_ws/install/ur_description/share/ur_description/urdf/inc
[2.841s] -- Installing: /home/mehul-rathore/ros2_ws/install/ur_description/share/ur_description/urdf/inc/ur_joint_control.xacro
[2.841s] -- Installing: /home/mehul-rathore/ros2_ws/install/ur_description/share/ur_description/urdf/inc/ur_sensors.xacro
[2.841s] -- Installing: /home/mehul-rathore/ros2_ws/install/ur_description/share/ur_description/urdf/inc/ur_common.xacro
[2.841s] -- Installing: /home/mehul-rathore/ros2_ws/install/ur_description/share/ur_description/urdf/inc/ur_transmissions.xacro
[2.841s] -- Installing: /home/mehul-rathore/ros2_ws/install/ur_description/share/ur_description/urdf/ur.urdf.xacro
[2.841s] -- Installing: /home/mehul-rathore/ros2_ws/install/ur_description/share/ur_description/urdf/ros2_control_mock_hardware.xacro
[2.841s] -- Installing: /home/mehul-rathore/ros2_ws/install/ur_description/share/ur_description/test
[2.841s] -- Installing: /home/mehul-rathore/ros2_ws/install/ur_description/share/ur_description/test/test_ur_urdf_xacro.py
[2.841s] -- Installing: /home/mehul-rathore/ros2_ws/install/ur_description/share/ur_description/test/test_view_ur_launch.py
[2.841s] -- Installing: /home/mehul-rathore/ros2_ws/install/ur_description/share/ament_index/resource_index/package_run_dependencies/ur_description
[2.841s] -- Installing: /home/mehul-rathore/ros2_ws/install/ur_description/share/ament_index/resource_index/parent_prefix_path/ur_description
[2.842s] -- Installing: /home/mehul-rathore/ros2_ws/install/ur_description/share/ur_description/environment/ament_prefix_path.sh
[2.842s] -- Installing: /home/mehul-rathore/ros2_ws/install/ur_description/share/ur_description/environment/ament_prefix_path.dsv
[2.842s] -- Installing: /home/mehul-rathore/ros2_ws/install/ur_description/share/ur_description/environment/path.sh
[2.842s] -- Installing: /home/mehul-rathore/ros2_ws/install/ur_description/share/ur_description/environment/path.dsv
[2.842s] -- Installing: /home/mehul-rathore/ros2_ws/install/ur_description/share/ur_description/local_setup.bash
[2.842s] -- Installing: /home/mehul-rathore/ros2_ws/install/ur_description/share/ur_description/local_setup.sh
[2.842s] -- Installing: /home/mehul-rathore/ros2_ws/install/ur_description/share/ur_description/local_setup.zsh
[2.842s] -- Installing: /home/mehul-rathore/ros2_ws/install/ur_description/share/ur_description/local_setup.dsv
[2.842s] -- Installing: /home/mehul-rathore/ros2_ws/install/ur_description/share/ur_description/package.dsv
[2.842s] -- Installing: /home/mehul-rathore/ros2_ws/install/ur_description/share/ament_index/resource_index/packages/ur_description
[2.842s] -- Installing: /home/mehul-rathore/ros2_ws/install/ur_description/share/ur_description/cmake/ur_descriptionConfig.cmake
[2.842s] -- Installing: /home/mehul-rathore/ros2_ws/install/ur_description/share/ur_description/cmake/ur_descriptionConfig-version.cmake
[2.842s] -- Installing: /home/mehul-rathore/ros2_ws/install/ur_description/share/ur_description/package.xml
[2.844s] Invoked command in '/home/mehul-rathore/ros2_ws/build/ur_description' returned '0': CMAKE_PREFIX_PATH=${CMAKE_PREFIX_PATH}:/opt/ros/jazzy DEBUGINFOD_URLS=https://debuginfod.ubuntu.com /usr/bin/cmake --install /home/mehul-rathore/ros2_ws/build/ur_description
